<?xml version="1.0" encoding="UTF-8" ?>
<testsuite tests="36" failures="0" name="fc.test.RegisterATDDRunner" time="27.558" errors="8" skipped="24">
  <properties>
[...]
</properties>
  <testcase classname="Scenario: Successful registration" name="Given I am on register page" time="0.003"/>
  <testcase classname="Scenario: Successful registration" name="When I fill in \&quot;First Name\&quot; with \&quot;Ben\&quot;" time="0.002">
    <error message="Arity mismatch: Step Definition &apos;fc.test.RegisterATDDTester.i_fill_in_with(String,String,String,String,String,String) in file:/Users/kelvin/Downloads/ASD---Team-America/target/test-classes/&apos; with pattern [^I fill in &quot;([^&quot;]*)&quot; with &quot;([^&quot;]*)&quot;$] is declared with 6 parameters. However, the gherkin step has 2 arguments [First Name, Ben]. 
Step: When I fill in &quot;First Name&quot; with &quot;Ben&quot;" type="cucumber.runtime.CucumberException">cucumber.runtime.CucumberException: Arity mismatch: Step Definition &apos;fc.test.RegisterATDDTester.i_fill_in_with(String,String,String,String,String,String) in file:/Users/kelvin/Downloads/ASD---Team-America/target/test-classes/&apos; with pattern [^I fill in &quot;([^&quot;]*)&quot; with &quot;([^&quot;]*)&quot;$] is declared with 6 parameters. However, the gherkin step has 2 arguments [First Name, Ben]. 
Step: When I fill in &quot;First Name&quot; with &quot;Ben&quot;
	at cucumber.runtime.StepDefinitionMatch.arityMismatch(StepDefinitionMatch.java:102)
	at cucumber.runtime.StepDefinitionMatch.transformedArgs(StepDefinitionMatch.java:60)
	at cucumber.runtime.StepDefinitionMatch.runStep(StepDefinitionMatch.java:37)
	at cucumber.runtime.Runtime.runStep(Runtime.java:300)
	at cucumber.runtime.model.StepContainer.runStep(StepContainer.java:44)
	at cucumber.runtime.model.StepContainer.runSteps(StepContainer.java:39)
	at cucumber.runtime.model.CucumberScenario.run(CucumberScenario.java:44)
	at cucumber.runtime.junit.ExecutionUnitRunner.run(ExecutionUnitRunner.java:102)
	at cucumber.runtime.junit.FeatureRunner.runChild(FeatureRunner.java:63)
	at cucumber.runtime.junit.FeatureRunner.runChild(FeatureRunner.java:18)
	at org.junit.runners.ParentRunner$3.run(ParentRunner.java:290)
	at org.junit.runners.ParentRunner$1.schedule(ParentRunner.java:71)
	at org.junit.runners.ParentRunner.runChildren(ParentRunner.java:288)
	at org.junit.runners.ParentRunner.access$000(ParentRunner.java:58)
	at org.junit.runners.ParentRunner$2.evaluate(ParentRunner.java:268)
	at org.junit.runners.ParentRunner.run(ParentRunner.java:363)
	at cucumber.runtime.junit.FeatureRunner.run(FeatureRunner.java:70)
	at cucumber.api.junit.Cucumber.runChild(Cucumber.java:95)
	at cucumber.api.junit.Cucumber.runChild(Cucumber.java:38)
	at org.junit.runners.ParentRunner$3.run(ParentRunner.java:290)
	at org.junit.runners.ParentRunner$1.schedule(ParentRunner.java:71)
	at org.junit.runners.ParentRunner.runChildren(ParentRunner.java:288)
	at org.junit.runners.ParentRunner.access$000(ParentRunner.java:58)
	at org.junit.runners.ParentRunner$2.evaluate(ParentRunner.java:268)
	at org.junit.runners.ParentRunner.run(ParentRunner.java:363)
	at cucumber.api.junit.Cucumber.run(Cucumber.java:100)
	at org.apache.maven.surefire.junit4.JUnit4TestSet.execute(JUnit4TestSet.java:53)
	at org.apache.maven.surefire.junit4.JUnit4Provider.executeTestSet(JUnit4Provider.java:123)
	at org.apache.maven.surefire.junit4.JUnit4Provider.invoke(JUnit4Provider.java:104)
	at sun.reflect.NativeMethodAccessorImpl.invoke0(Native Method)
	at sun.reflect.NativeMethodAccessorImpl.invoke(NativeMethodAccessorImpl.java:62)
	at sun.reflect.DelegatingMethodAccessorImpl.invoke(DelegatingMethodAccessorImpl.java:43)
	at java.lang.reflect.Method.invoke(Method.java:498)
	at org.apache.maven.surefire.util.ReflectionUtils.invokeMethodWithArray(ReflectionUtils.java:164)
	at org.apache.maven.surefire.booter.ProviderFactory$ProviderProxy.invoke(ProviderFactory.java:110)
	at org.apache.maven.surefire.booter.SurefireStarter.invokeProvider(SurefireStarter.java:175)
	at org.apache.maven.surefire.booter.SurefireStarter.runSuitesInProcessWhenForked(SurefireStarter.java:107)
	at org.apache.maven.surefire.booter.ForkedBooter.main(ForkedBooter.java:68)
</error>
    <system-out>
  Background: User navigates to FlightCenter Register page &amp;#27;[90m# RegisterFeature.feature:7&amp;#27;[0m
    &amp;#27;[32mGiven &amp;#27;[0m&amp;#27;[32mI am on register page&amp;#27;[0m                            &amp;#27;[90m# RegisterATDDTester.i_am_on_register_page()&amp;#27;[0m
</system-out>
  </testcase>
  <testcase classname="Scenario: Successful registration" name="Scenario: Successful registration" time="0.003">
    <error message="Arity mismatch: Step Definition &apos;fc.test.RegisterATDDTester.i_fill_in_with(String,String,String,String,String,String) in file:/Users/kelvin/Downloads/ASD---Team-America/target/test-classes/&apos; with pattern [^I fill in &quot;([^&quot;]*)&quot; with &quot;([^&quot;]*)&quot;$] is declared with 6 parameters. However, the gherkin step has 2 arguments [First Name, Ben]. 
Step: When I fill in &quot;First Name&quot; with &quot;Ben&quot;" type="cucumber.runtime.CucumberException">cucumber.runtime.CucumberException: Arity mismatch: Step Definition &apos;fc.test.RegisterATDDTester.i_fill_in_with(String,String,String,String,String,String) in file:/Users/kelvin/Downloads/ASD---Team-America/target/test-classes/&apos; with pattern [^I fill in &quot;([^&quot;]*)&quot; with &quot;([^&quot;]*)&quot;$] is declared with 6 parameters. However, the gherkin step has 2 arguments [First Name, Ben]. 
Step: When I fill in &quot;First Name&quot; with &quot;Ben&quot;
	at cucumber.runtime.StepDefinitionMatch.arityMismatch(StepDefinitionMatch.java:102)
	at cucumber.runtime.StepDefinitionMatch.transformedArgs(StepDefinitionMatch.java:60)
	at cucumber.runtime.StepDefinitionMatch.runStep(StepDefinitionMatch.java:37)
	at cucumber.runtime.Runtime.runStep(Runtime.java:300)
	at cucumber.runtime.model.StepContainer.runStep(StepContainer.java:44)
	at cucumber.runtime.model.StepContainer.runSteps(StepContainer.java:39)
	at cucumber.runtime.model.CucumberScenario.run(CucumberScenario.java:44)
	at cucumber.runtime.junit.ExecutionUnitRunner.run(ExecutionUnitRunner.java:102)
	at cucumber.runtime.junit.FeatureRunner.runChild(FeatureRunner.java:63)
	at cucumber.runtime.junit.FeatureRunner.runChild(FeatureRunner.java:18)
	at org.junit.runners.ParentRunner$3.run(ParentRunner.java:290)
	at org.junit.runners.ParentRunner$1.schedule(ParentRunner.java:71)
	at org.junit.runners.ParentRunner.runChildren(ParentRunner.java:288)
	at org.junit.runners.ParentRunner.access$000(ParentRunner.java:58)
	at org.junit.runners.ParentRunner$2.evaluate(ParentRunner.java:268)
	at org.junit.runners.ParentRunner.run(ParentRunner.java:363)
	at cucumber.runtime.junit.FeatureRunner.run(FeatureRunner.java:70)
	at cucumber.api.junit.Cucumber.runChild(Cucumber.java:95)
	at cucumber.api.junit.Cucumber.runChild(Cucumber.java:38)
	at org.junit.runners.ParentRunner$3.run(ParentRunner.java:290)
	at org.junit.runners.ParentRunner$1.schedule(ParentRunner.java:71)
	at org.junit.runners.ParentRunner.runChildren(ParentRunner.java:288)
	at org.junit.runners.ParentRunner.access$000(ParentRunner.java:58)
	at org.junit.runners.ParentRunner$2.evaluate(ParentRunner.java:268)
	at org.junit.runners.ParentRunner.run(ParentRunner.java:363)
	at cucumber.api.junit.Cucumber.run(Cucumber.java:100)
	at org.apache.maven.surefire.junit4.JUnit4TestSet.execute(JUnit4TestSet.java:53)
	at org.apache.maven.surefire.junit4.JUnit4Provider.executeTestSet(JUnit4Provider.java:123)
	at org.apache.maven.surefire.junit4.JUnit4Provider.invoke(JUnit4Provider.java:104)
	at sun.reflect.NativeMethodAccessorImpl.invoke0(Native Method)
	at sun.reflect.NativeMethodAccessorImpl.invoke(NativeMethodAccessorImpl.java:62)
	at sun.reflect.DelegatingMethodAccessorImpl.invoke(DelegatingMethodAccessorImpl.java:43)
	at java.lang.reflect.Method.invoke(Method.java:498)
	at org.apache.maven.surefire.util.ReflectionUtils.invokeMethodWithArray(ReflectionUtils.java:164)
	at org.apache.maven.surefire.booter.ProviderFactory$ProviderProxy.invoke(ProviderFactory.java:110)
	at org.apache.maven.surefire.booter.SurefireStarter.invokeProvider(SurefireStarter.java:175)
	at org.apache.maven.surefire.booter.SurefireStarter.runSuitesInProcessWhenForked(SurefireStarter.java:107)
	at org.apache.maven.surefire.booter.ForkedBooter.main(ForkedBooter.java:68)
</error>
  </testcase>
  <testcase classname="Scenario: Successful registration" name="And I fill in \&quot;Last Name\&quot; with \&quot;Ten\&quot;" time="0.008">
    <skipped/>
  </testcase>
  <testcase classname="Scenario: Successful registration" name="And I fill in \&quot;Email\&quot; with \&quot;b@t.com\&quot;" time="0.008">
    <skipped/>
  </testcase>
  <testcase classname="Scenario: Successful registration" name="And I fill in \&quot;Password\&quot; with \&quot;abcde1\&quot;" time="0.008">
    <skipped/>
  </testcase>
  <testcase classname="Scenario: Successful registration" name="And I fill in \&quot;Passport Number\&quot; with \&quot;BT001\&quot;" time="0.014">
    <skipped/>
  </testcase>
  <testcase classname="Scenario: Successful registration" name="And I fill in \&quot;DOB\&quot; with \&quot;01\/01\/2000\&quot;" time="0.016">
    <skipped/>
  </testcase>
  <testcase classname="Scenario: Successful registration" name="Then I should see \&quot;registerSuccess.jsp\&quot; success page" time="0.016">
    <skipped/>
  </testcase>
  <testcase classname="| Ben | Ten | ben@ten.co | abcde1 |  | 01\/01\/2000 | Missing password. |" name="Given I am on register page" time="0.001"/>
  <testcase classname="| Ben | Ten | ben@ten.co | abcde1 |  | 01\/01\/2000 | Missing password. |" name="When I fill in \&quot;First Name\&quot; with \&quot;Ben\&quot;" time="0">
    <error message="Arity mismatch: Step Definition &apos;fc.test.RegisterATDDTester.i_fill_in_with(String,String,String,String,String,String) in file:/Users/kelvin/Downloads/ASD---Team-America/target/test-classes/&apos; with pattern [^I fill in &quot;([^&quot;]*)&quot; with &quot;([^&quot;]*)&quot;$] is declared with 6 parameters. However, the gherkin step has 2 arguments [First Name, Ben]. 
Step: When I fill in &quot;First Name&quot; with &quot;Ben&quot;" type="cucumber.runtime.CucumberException">cucumber.runtime.CucumberException: Arity mismatch: Step Definition &apos;fc.test.RegisterATDDTester.i_fill_in_with(String,String,String,String,String,String) in file:/Users/kelvin/Downloads/ASD---Team-America/target/test-classes/&apos; with pattern [^I fill in &quot;([^&quot;]*)&quot; with &quot;([^&quot;]*)&quot;$] is declared with 6 parameters. However, the gherkin step has 2 arguments [First Name, Ben]. 
Step: When I fill in &quot;First Name&quot; with &quot;Ben&quot;
	at cucumber.runtime.StepDefinitionMatch.arityMismatch(StepDefinitionMatch.java:102)
	at cucumber.runtime.StepDefinitionMatch.transformedArgs(StepDefinitionMatch.java:60)
	at cucumber.runtime.StepDefinitionMatch.runStep(StepDefinitionMatch.java:37)
	at cucumber.runtime.Runtime.runStep(Runtime.java:300)
	at cucumber.runtime.model.StepContainer.runStep(StepContainer.java:44)
	at cucumber.runtime.model.StepContainer.runSteps(StepContainer.java:39)
	at cucumber.runtime.model.CucumberScenario.run(CucumberScenario.java:44)
	at cucumber.runtime.junit.ExecutionUnitRunner.run(ExecutionUnitRunner.java:102)
	at org.junit.runners.Suite.runChild(Suite.java:128)
	at org.junit.runners.Suite.runChild(Suite.java:27)
	at org.junit.runners.ParentRunner$3.run(ParentRunner.java:290)
	at org.junit.runners.ParentRunner$1.schedule(ParentRunner.java:71)
	at org.junit.runners.ParentRunner.runChildren(ParentRunner.java:288)
	at org.junit.runners.ParentRunner.access$000(ParentRunner.java:58)
	at org.junit.runners.ParentRunner$2.evaluate(ParentRunner.java:268)
	at org.junit.runners.ParentRunner.run(ParentRunner.java:363)
	at cucumber.runtime.junit.ExamplesRunner.run(ExamplesRunner.java:59)
	at org.junit.runners.Suite.runChild(Suite.java:128)
	at org.junit.runners.Suite.runChild(Suite.java:27)
	at org.junit.runners.ParentRunner$3.run(ParentRunner.java:290)
	at org.junit.runners.ParentRunner$1.schedule(ParentRunner.java:71)
	at org.junit.runners.ParentRunner.runChildren(ParentRunner.java:288)
	at org.junit.runners.ParentRunner.access$000(ParentRunner.java:58)
	at org.junit.runners.ParentRunner$2.evaluate(ParentRunner.java:268)
	at org.junit.runners.ParentRunner.run(ParentRunner.java:363)
	at cucumber.runtime.junit.ScenarioOutlineRunner.run(ScenarioOutlineRunner.java:53)
	at cucumber.runtime.junit.FeatureRunner.runChild(FeatureRunner.java:63)
	at cucumber.runtime.junit.FeatureRunner.runChild(FeatureRunner.java:18)
	at org.junit.runners.ParentRunner$3.run(ParentRunner.java:290)
	at org.junit.runners.ParentRunner$1.schedule(ParentRunner.java:71)
	at org.junit.runners.ParentRunner.runChildren(ParentRunner.java:288)
	at org.junit.runners.ParentRunner.access$000(ParentRunner.java:58)
	at org.junit.runners.ParentRunner$2.evaluate(ParentRunner.java:268)
	at org.junit.runners.ParentRunner.run(ParentRunner.java:363)
	at cucumber.runtime.junit.FeatureRunner.run(FeatureRunner.java:70)
	at cucumber.api.junit.Cucumber.runChild(Cucumber.java:95)
	at cucumber.api.junit.Cucumber.runChild(Cucumber.java:38)
	at org.junit.runners.ParentRunner$3.run(ParentRunner.java:290)
	at org.junit.runners.ParentRunner$1.schedule(ParentRunner.java:71)
	at org.junit.runners.ParentRunner.runChildren(ParentRunner.java:288)
	at org.junit.runners.ParentRunner.access$000(ParentRunner.java:58)
	at org.junit.runners.ParentRunner$2.evaluate(ParentRunner.java:268)
	at org.junit.runners.ParentRunner.run(ParentRunner.java:363)
	at cucumber.api.junit.Cucumber.run(Cucumber.java:100)
	at org.apache.maven.surefire.junit4.JUnit4TestSet.execute(JUnit4TestSet.java:53)
	at org.apache.maven.surefire.junit4.JUnit4Provider.executeTestSet(JUnit4Provider.java:123)
	at org.apache.maven.surefire.junit4.JUnit4Provider.invoke(JUnit4Provider.java:104)
	at sun.reflect.NativeMethodAccessorImpl.invoke0(Native Method)
	at sun.reflect.NativeMethodAccessorImpl.invoke(NativeMethodAccessorImpl.java:62)
	at sun.reflect.DelegatingMethodAccessorImpl.invoke(DelegatingMethodAccessorImpl.java:43)
	at java.lang.reflect.Method.invoke(Method.java:498)
	at org.apache.maven.surefire.util.ReflectionUtils.invokeMethodWithArray(ReflectionUtils.java:164)
	at org.apache.maven.surefire.booter.ProviderFactory$ProviderProxy.invoke(ProviderFactory.java:110)
	at org.apache.maven.surefire.booter.SurefireStarter.invokeProvider(SurefireStarter.java:175)
	at org.apache.maven.surefire.booter.SurefireStarter.runSuitesInProcessWhenForked(SurefireStarter.java:107)
	at org.apache.maven.surefire.booter.ForkedBooter.main(ForkedBooter.java:68)
</error>
    <system-out>
  Background: User navigates to FlightCenter Register page &amp;#27;[90m# RegisterFeature.feature:7&amp;#27;[0m
    &amp;#27;[32mGiven &amp;#27;[0m&amp;#27;[32mI am on register page&amp;#27;[0m                            &amp;#27;[90m# RegisterATDDTester.i_am_on_register_page()&amp;#27;[0m
</system-out>
  </testcase>
  <testcase classname="| Ben | Ten | ben@ten.co | abcde1 |  | 01\/01\/2000 | Missing password. |" name="| Ben | Ten | ben@ten.co | abcde1 |  | 01\/01\/2000 | Missing password. |" time="0.001">
    <error message="Arity mismatch: Step Definition &apos;fc.test.RegisterATDDTester.i_fill_in_with(String,String,String,String,String,String) in file:/Users/kelvin/Downloads/ASD---Team-America/target/test-classes/&apos; with pattern [^I fill in &quot;([^&quot;]*)&quot; with &quot;([^&quot;]*)&quot;$] is declared with 6 parameters. However, the gherkin step has 2 arguments [First Name, Ben]. 
Step: When I fill in &quot;First Name&quot; with &quot;Ben&quot;" type="cucumber.runtime.CucumberException">cucumber.runtime.CucumberException: Arity mismatch: Step Definition &apos;fc.test.RegisterATDDTester.i_fill_in_with(String,String,String,String,String,String) in file:/Users/kelvin/Downloads/ASD---Team-America/target/test-classes/&apos; with pattern [^I fill in &quot;([^&quot;]*)&quot; with &quot;([^&quot;]*)&quot;$] is declared with 6 parameters. However, the gherkin step has 2 arguments [First Name, Ben]. 
Step: When I fill in &quot;First Name&quot; with &quot;Ben&quot;
	at cucumber.runtime.StepDefinitionMatch.arityMismatch(StepDefinitionMatch.java:102)
	at cucumber.runtime.StepDefinitionMatch.transformedArgs(StepDefinitionMatch.java:60)
	at cucumber.runtime.StepDefinitionMatch.runStep(StepDefinitionMatch.java:37)
	at cucumber.runtime.Runtime.runStep(Runtime.java:300)
	at cucumber.runtime.model.StepContainer.runStep(StepContainer.java:44)
	at cucumber.runtime.model.StepContainer.runSteps(StepContainer.java:39)
	at cucumber.runtime.model.CucumberScenario.run(CucumberScenario.java:44)
	at cucumber.runtime.junit.ExecutionUnitRunner.run(ExecutionUnitRunner.java:102)
	at org.junit.runners.Suite.runChild(Suite.java:128)
	at org.junit.runners.Suite.runChild(Suite.java:27)
	at org.junit.runners.ParentRunner$3.run(ParentRunner.java:290)
	at org.junit.runners.ParentRunner$1.schedule(ParentRunner.java:71)
	at org.junit.runners.ParentRunner.runChildren(ParentRunner.java:288)
	at org.junit.runners.ParentRunner.access$000(ParentRunner.java:58)
	at org.junit.runners.ParentRunner$2.evaluate(ParentRunner.java:268)
	at org.junit.runners.ParentRunner.run(ParentRunner.java:363)
	at cucumber.runtime.junit.ExamplesRunner.run(ExamplesRunner.java:59)
	at org.junit.runners.Suite.runChild(Suite.java:128)
	at org.junit.runners.Suite.runChild(Suite.java:27)
	at org.junit.runners.ParentRunner$3.run(ParentRunner.java:290)
	at org.junit.runners.ParentRunner$1.schedule(ParentRunner.java:71)
	at org.junit.runners.ParentRunner.runChildren(ParentRunner.java:288)
	at org.junit.runners.ParentRunner.access$000(ParentRunner.java:58)
	at org.junit.runners.ParentRunner$2.evaluate(ParentRunner.java:268)
	at org.junit.runners.ParentRunner.run(ParentRunner.java:363)
	at cucumber.runtime.junit.ScenarioOutlineRunner.run(ScenarioOutlineRunner.java:53)
	at cucumber.runtime.junit.FeatureRunner.runChild(FeatureRunner.java:63)
	at cucumber.runtime.junit.FeatureRunner.runChild(FeatureRunner.java:18)
	at org.junit.runners.ParentRunner$3.run(ParentRunner.java:290)
	at org.junit.runners.ParentRunner$1.schedule(ParentRunner.java:71)
	at org.junit.runners.ParentRunner.runChildren(ParentRunner.java:288)
	at org.junit.runners.ParentRunner.access$000(ParentRunner.java:58)
	at org.junit.runners.ParentRunner$2.evaluate(ParentRunner.java:268)
	at org.junit.runners.ParentRunner.run(ParentRunner.java:363)
	at cucumber.runtime.junit.FeatureRunner.run(FeatureRunner.java:70)
	at cucumber.api.junit.Cucumber.runChild(Cucumber.java:95)
	at cucumber.api.junit.Cucumber.runChild(Cucumber.java:38)
	at org.junit.runners.ParentRunner$3.run(ParentRunner.java:290)
	at org.junit.runners.ParentRunner$1.schedule(ParentRunner.java:71)
	at org.junit.runners.ParentRunner.runChildren(ParentRunner.java:288)
	at org.junit.runners.ParentRunner.access$000(ParentRunner.java:58)
	at org.junit.runners.ParentRunner$2.evaluate(ParentRunner.java:268)
	at org.junit.runners.ParentRunner.run(ParentRunner.java:363)
	at cucumber.api.junit.Cucumber.run(Cucumber.java:100)
	at org.apache.maven.surefire.junit4.JUnit4TestSet.execute(JUnit4TestSet.java:53)
	at org.apache.maven.surefire.junit4.JUnit4Provider.executeTestSet(JUnit4Provider.java:123)
	at org.apache.maven.surefire.junit4.JUnit4Provider.invoke(JUnit4Provider.java:104)
	at sun.reflect.NativeMethodAccessorImpl.invoke0(Native Method)
	at sun.reflect.NativeMethodAccessorImpl.invoke(NativeMethodAccessorImpl.java:62)
	at sun.reflect.DelegatingMethodAccessorImpl.invoke(DelegatingMethodAccessorImpl.java:43)
	at java.lang.reflect.Method.invoke(Method.java:498)
	at org.apache.maven.surefire.util.ReflectionUtils.invokeMethodWithArray(ReflectionUtils.java:164)
	at org.apache.maven.surefire.booter.ProviderFactory$ProviderProxy.invoke(ProviderFactory.java:110)
	at org.apache.maven.surefire.booter.SurefireStarter.invokeProvider(SurefireStarter.java:175)
	at org.apache.maven.surefire.booter.SurefireStarter.runSuitesInProcessWhenForked(SurefireStarter.java:107)
	at org.apache.maven.surefire.booter.ForkedBooter.main(ForkedBooter.java:68)
</error>
  </testcase>
  <testcase classname="| Ben | Ten | ben@ten.co | abcde1 |  | 01\/01\/2000 | Missing password. |" name="And I fill in \&quot;Last Name\&quot; with \&quot;Ten\&quot;" time="0.001">
    <skipped/>
  </testcase>
  <testcase classname="| Ben | Ten | ben@ten.co | abcde1 |  | 01\/01\/2000 | Missing password. |" name="And I fill in \&quot;Email\&quot; with \&quot;ben@ten.co\&quot;" time="0.002">
    <skipped/>
  </testcase>
  <testcase classname="| Ben | Ten | ben@ten.co | abcde1 |  | 01\/01\/2000 | Missing password. |" name="And I fill in \&quot;Password\&quot; with \&quot;abcde1\&quot;" time="0.002">
    <skipped/>
  </testcase>
  <testcase classname="| Ben | Ten | ben@ten.co | abcde1 |  | 01\/01\/2000 | Missing password. |" name="And I fill in \&quot;Passport Number\&quot; with \&quot;\&quot;" time="0.004">
    <skipped/>
  </testcase>
  <testcase classname="| Ben | Ten | ben@ten.co | abcde1 |  | 01\/01\/2000 | Missing password. |" name="And I fill in \&quot;DOB\&quot; with \&quot;01\/01\/2000\&quot;" time="0.005">
    <skipped/>
  </testcase>
  <testcase classname="| Ben | Ten | ben@ten.co | abcde1 |  | 01\/01\/2000 | Missing password. |" name="Then I should see \&quot;register.jsp\&quot; register page" time="0.005">
    <skipped/>
  </testcase>
  <testcase classname="| Donald | Trump | trump@gov.us |  | DT001 | 13\/11\/1950 | Missing passport number. |" name="Given I am on register page" time="0"/>
  <testcase classname="| Donald | Trump | trump@gov.us |  | DT001 | 13\/11\/1950 | Missing passport number. |" name="When I fill in \&quot;First Name\&quot; with \&quot;Donald\&quot;" time="0.001">
    <error message="Arity mismatch: Step Definition &apos;fc.test.RegisterATDDTester.i_fill_in_with(String,String,String,String,String,String) in file:/Users/kelvin/Downloads/ASD---Team-America/target/test-classes/&apos; with pattern [^I fill in &quot;([^&quot;]*)&quot; with &quot;([^&quot;]*)&quot;$] is declared with 6 parameters. However, the gherkin step has 2 arguments [First Name, Donald]. 
Step: When I fill in &quot;First Name&quot; with &quot;Donald&quot;" type="cucumber.runtime.CucumberException">cucumber.runtime.CucumberException: Arity mismatch: Step Definition &apos;fc.test.RegisterATDDTester.i_fill_in_with(String,String,String,String,String,String) in file:/Users/kelvin/Downloads/ASD---Team-America/target/test-classes/&apos; with pattern [^I fill in &quot;([^&quot;]*)&quot; with &quot;([^&quot;]*)&quot;$] is declared with 6 parameters. However, the gherkin step has 2 arguments [First Name, Donald]. 
Step: When I fill in &quot;First Name&quot; with &quot;Donald&quot;
	at cucumber.runtime.StepDefinitionMatch.arityMismatch(StepDefinitionMatch.java:102)
	at cucumber.runtime.StepDefinitionMatch.transformedArgs(StepDefinitionMatch.java:60)
	at cucumber.runtime.StepDefinitionMatch.runStep(StepDefinitionMatch.java:37)
	at cucumber.runtime.Runtime.runStep(Runtime.java:300)
	at cucumber.runtime.model.StepContainer.runStep(StepContainer.java:44)
	at cucumber.runtime.model.StepContainer.runSteps(StepContainer.java:39)
	at cucumber.runtime.model.CucumberScenario.run(CucumberScenario.java:44)
	at cucumber.runtime.junit.ExecutionUnitRunner.run(ExecutionUnitRunner.java:102)
	at org.junit.runners.Suite.runChild(Suite.java:128)
	at org.junit.runners.Suite.runChild(Suite.java:27)
	at org.junit.runners.ParentRunner$3.run(ParentRunner.java:290)
	at org.junit.runners.ParentRunner$1.schedule(ParentRunner.java:71)
	at org.junit.runners.ParentRunner.runChildren(ParentRunner.java:288)
	at org.junit.runners.ParentRunner.access$000(ParentRunner.java:58)
	at org.junit.runners.ParentRunner$2.evaluate(ParentRunner.java:268)
	at org.junit.runners.ParentRunner.run(ParentRunner.java:363)
	at cucumber.runtime.junit.ExamplesRunner.run(ExamplesRunner.java:59)
	at org.junit.runners.Suite.runChild(Suite.java:128)
	at org.junit.runners.Suite.runChild(Suite.java:27)
	at org.junit.runners.ParentRunner$3.run(ParentRunner.java:290)
	at org.junit.runners.ParentRunner$1.schedule(ParentRunner.java:71)
	at org.junit.runners.ParentRunner.runChildren(ParentRunner.java:288)
	at org.junit.runners.ParentRunner.access$000(ParentRunner.java:58)
	at org.junit.runners.ParentRunner$2.evaluate(ParentRunner.java:268)
	at org.junit.runners.ParentRunner.run(ParentRunner.java:363)
	at cucumber.runtime.junit.ScenarioOutlineRunner.run(ScenarioOutlineRunner.java:53)
	at cucumber.runtime.junit.FeatureRunner.runChild(FeatureRunner.java:63)
	at cucumber.runtime.junit.FeatureRunner.runChild(FeatureRunner.java:18)
	at org.junit.runners.ParentRunner$3.run(ParentRunner.java:290)
	at org.junit.runners.ParentRunner$1.schedule(ParentRunner.java:71)
	at org.junit.runners.ParentRunner.runChildren(ParentRunner.java:288)
	at org.junit.runners.ParentRunner.access$000(ParentRunner.java:58)
	at org.junit.runners.ParentRunner$2.evaluate(ParentRunner.java:268)
	at org.junit.runners.ParentRunner.run(ParentRunner.java:363)
	at cucumber.runtime.junit.FeatureRunner.run(FeatureRunner.java:70)
	at cucumber.api.junit.Cucumber.runChild(Cucumber.java:95)
	at cucumber.api.junit.Cucumber.runChild(Cucumber.java:38)
	at org.junit.runners.ParentRunner$3.run(ParentRunner.java:290)
	at org.junit.runners.ParentRunner$1.schedule(ParentRunner.java:71)
	at org.junit.runners.ParentRunner.runChildren(ParentRunner.java:288)
	at org.junit.runners.ParentRunner.access$000(ParentRunner.java:58)
	at org.junit.runners.ParentRunner$2.evaluate(ParentRunner.java:268)
	at org.junit.runners.ParentRunner.run(ParentRunner.java:363)
	at cucumber.api.junit.Cucumber.run(Cucumber.java:100)
	at org.apache.maven.surefire.junit4.JUnit4TestSet.execute(JUnit4TestSet.java:53)
	at org.apache.maven.surefire.junit4.JUnit4Provider.executeTestSet(JUnit4Provider.java:123)
	at org.apache.maven.surefire.junit4.JUnit4Provider.invoke(JUnit4Provider.java:104)
	at sun.reflect.NativeMethodAccessorImpl.invoke0(Native Method)
	at sun.reflect.NativeMethodAccessorImpl.invoke(NativeMethodAccessorImpl.java:62)
	at sun.reflect.DelegatingMethodAccessorImpl.invoke(DelegatingMethodAccessorImpl.java:43)
	at java.lang.reflect.Method.invoke(Method.java:498)
	at org.apache.maven.surefire.util.ReflectionUtils.invokeMethodWithArray(ReflectionUtils.java:164)
	at org.apache.maven.surefire.booter.ProviderFactory$ProviderProxy.invoke(ProviderFactory.java:110)
	at org.apache.maven.surefire.booter.SurefireStarter.invokeProvider(SurefireStarter.java:175)
	at org.apache.maven.surefire.booter.SurefireStarter.runSuitesInProcessWhenForked(SurefireStarter.java:107)
	at org.apache.maven.surefire.booter.ForkedBooter.main(ForkedBooter.java:68)
</error>
    <system-out>
  Background: User navigates to FlightCenter Register page &amp;#27;[90m# RegisterFeature.feature:7&amp;#27;[0m
    &amp;#27;[32mGiven &amp;#27;[0m&amp;#27;[32mI am on register page&amp;#27;[0m                            &amp;#27;[90m# RegisterATDDTester.i_am_on_register_page()&amp;#27;[0m
</system-out>
  </testcase>
  <testcase classname="| Donald | Trump | trump@gov.us |  | DT001 | 13\/11\/1950 | Missing passport number. |" name="| Donald | Trump | trump@gov.us |  | DT001 | 13\/11\/1950 | Missing passport number. |" time="0.003">
    <error message="Arity mismatch: Step Definition &apos;fc.test.RegisterATDDTester.i_fill_in_with(String,String,String,String,String,String) in file:/Users/kelvin/Downloads/ASD---Team-America/target/test-classes/&apos; with pattern [^I fill in &quot;([^&quot;]*)&quot; with &quot;([^&quot;]*)&quot;$] is declared with 6 parameters. However, the gherkin step has 2 arguments [First Name, Donald]. 
Step: When I fill in &quot;First Name&quot; with &quot;Donald&quot;" type="cucumber.runtime.CucumberException">cucumber.runtime.CucumberException: Arity mismatch: Step Definition &apos;fc.test.RegisterATDDTester.i_fill_in_with(String,String,String,String,String,String) in file:/Users/kelvin/Downloads/ASD---Team-America/target/test-classes/&apos; with pattern [^I fill in &quot;([^&quot;]*)&quot; with &quot;([^&quot;]*)&quot;$] is declared with 6 parameters. However, the gherkin step has 2 arguments [First Name, Donald]. 
Step: When I fill in &quot;First Name&quot; with &quot;Donald&quot;
	at cucumber.runtime.StepDefinitionMatch.arityMismatch(StepDefinitionMatch.java:102)
	at cucumber.runtime.StepDefinitionMatch.transformedArgs(StepDefinitionMatch.java:60)
	at cucumber.runtime.StepDefinitionMatch.runStep(StepDefinitionMatch.java:37)
	at cucumber.runtime.Runtime.runStep(Runtime.java:300)
	at cucumber.runtime.model.StepContainer.runStep(StepContainer.java:44)
	at cucumber.runtime.model.StepContainer.runSteps(StepContainer.java:39)
	at cucumber.runtime.model.CucumberScenario.run(CucumberScenario.java:44)
	at cucumber.runtime.junit.ExecutionUnitRunner.run(ExecutionUnitRunner.java:102)
	at org.junit.runners.Suite.runChild(Suite.java:128)
	at org.junit.runners.Suite.runChild(Suite.java:27)
	at org.junit.runners.ParentRunner$3.run(ParentRunner.java:290)
	at org.junit.runners.ParentRunner$1.schedule(ParentRunner.java:71)
	at org.junit.runners.ParentRunner.runChildren(ParentRunner.java:288)
	at org.junit.runners.ParentRunner.access$000(ParentRunner.java:58)
	at org.junit.runners.ParentRunner$2.evaluate(ParentRunner.java:268)
	at org.junit.runners.ParentRunner.run(ParentRunner.java:363)
	at cucumber.runtime.junit.ExamplesRunner.run(ExamplesRunner.java:59)
	at org.junit.runners.Suite.runChild(Suite.java:128)
	at org.junit.runners.Suite.runChild(Suite.java:27)
	at org.junit.runners.ParentRunner$3.run(ParentRunner.java:290)
	at org.junit.runners.ParentRunner$1.schedule(ParentRunner.java:71)
	at org.junit.runners.ParentRunner.runChildren(ParentRunner.java:288)
	at org.junit.runners.ParentRunner.access$000(ParentRunner.java:58)
	at org.junit.runners.ParentRunner$2.evaluate(ParentRunner.java:268)
	at org.junit.runners.ParentRunner.run(ParentRunner.java:363)
	at cucumber.runtime.junit.ScenarioOutlineRunner.run(ScenarioOutlineRunner.java:53)
	at cucumber.runtime.junit.FeatureRunner.runChild(FeatureRunner.java:63)
	at cucumber.runtime.junit.FeatureRunner.runChild(FeatureRunner.java:18)
	at org.junit.runners.ParentRunner$3.run(ParentRunner.java:290)
	at org.junit.runners.ParentRunner$1.schedule(ParentRunner.java:71)
	at org.junit.runners.ParentRunner.runChildren(ParentRunner.java:288)
	at org.junit.runners.ParentRunner.access$000(ParentRunner.java:58)
	at org.junit.runners.ParentRunner$2.evaluate(ParentRunner.java:268)
	at org.junit.runners.ParentRunner.run(ParentRunner.java:363)
	at cucumber.runtime.junit.FeatureRunner.run(FeatureRunner.java:70)
	at cucumber.api.junit.Cucumber.runChild(Cucumber.java:95)
	at cucumber.api.junit.Cucumber.runChild(Cucumber.java:38)
	at org.junit.runners.ParentRunner$3.run(ParentRunner.java:290)
	at org.junit.runners.ParentRunner$1.schedule(ParentRunner.java:71)
	at org.junit.runners.ParentRunner.runChildren(ParentRunner.java:288)
	at org.junit.runners.ParentRunner.access$000(ParentRunner.java:58)
	at org.junit.runners.ParentRunner$2.evaluate(ParentRunner.java:268)
	at org.junit.runners.ParentRunner.run(ParentRunner.java:363)
	at cucumber.api.junit.Cucumber.run(Cucumber.java:100)
	at org.apache.maven.surefire.junit4.JUnit4TestSet.execute(JUnit4TestSet.java:53)
	at org.apache.maven.surefire.junit4.JUnit4Provider.executeTestSet(JUnit4Provider.java:123)
	at org.apache.maven.surefire.junit4.JUnit4Provider.invoke(JUnit4Provider.java:104)
	at sun.reflect.NativeMethodAccessorImpl.invoke0(Native Method)
	at sun.reflect.NativeMethodAccessorImpl.invoke(NativeMethodAccessorImpl.java:62)
	at sun.reflect.DelegatingMethodAccessorImpl.invoke(DelegatingMethodAccessorImpl.java:43)
	at java.lang.reflect.Method.invoke(Method.java:498)
	at org.apache.maven.surefire.util.ReflectionUtils.invokeMethodWithArray(ReflectionUtils.java:164)
	at org.apache.maven.surefire.booter.ProviderFactory$ProviderProxy.invoke(ProviderFactory.java:110)
	at org.apache.maven.surefire.booter.SurefireStarter.invokeProvider(SurefireStarter.java:175)
	at org.apache.maven.surefire.booter.SurefireStarter.runSuitesInProcessWhenForked(SurefireStarter.java:107)
	at org.apache.maven.surefire.booter.ForkedBooter.main(ForkedBooter.java:68)
</error>
  </testcase>
  <testcase classname="| Donald | Trump | trump@gov.us |  | DT001 | 13\/11\/1950 | Missing passport number. |" name="And I fill in \&quot;Last Name\&quot; with \&quot;Trump\&quot;" time="0.003">
    <skipped/>
  </testcase>
  <testcase classname="| Donald | Trump | trump@gov.us |  | DT001 | 13\/11\/1950 | Missing passport number. |" name="And I fill in \&quot;Email\&quot; with \&quot;trump@gov.us\&quot;" time="0.003">
    <skipped/>
  </testcase>
  <testcase classname="| Donald | Trump | trump@gov.us |  | DT001 | 13\/11\/1950 | Missing passport number. |" name="And I fill in \&quot;Password\&quot; with \&quot;\&quot;" time="0.004">
    <skipped/>
  </testcase>
  <testcase classname="| Donald | Trump | trump@gov.us |  | DT001 | 13\/11\/1950 | Missing passport number. |" name="And I fill in \&quot;Passport Number\&quot; with \&quot;DT001\&quot;" time="0.004">
    <skipped/>
  </testcase>
  <testcase classname="| Donald | Trump | trump@gov.us |  | DT001 | 13\/11\/1950 | Missing passport number. |" name="And I fill in \&quot;DOB\&quot; with \&quot;13\/11\/1950\&quot;" time="0.006">
    <skipped/>
  </testcase>
  <testcase classname="| Donald | Trump | trump@gov.us |  | DT001 | 13\/11\/1950 | Missing passport number. |" name="Then I should see \&quot;register.jsp\&quot; register page" time="0.006">
    <skipped/>
  </testcase>
  <testcase classname="| Dobby |  | dobby@do.b | abcde1 | DD001 | 28\/03\/1960 | Missing last name. |" name="Given I am on register page" time="0"/>
  <testcase classname="| Dobby |  | dobby@do.b | abcde1 | DD001 | 28\/03\/1960 | Missing last name. |" name="When I fill in \&quot;First Name\&quot; with \&quot;Dobby\&quot;" time="0.002">
    <error message="Arity mismatch: Step Definition &apos;fc.test.RegisterATDDTester.i_fill_in_with(String,String,String,String,String,String) in file:/Users/kelvin/Downloads/ASD---Team-America/target/test-classes/&apos; with pattern [^I fill in &quot;([^&quot;]*)&quot; with &quot;([^&quot;]*)&quot;$] is declared with 6 parameters. However, the gherkin step has 2 arguments [First Name, Dobby]. 
Step: When I fill in &quot;First Name&quot; with &quot;Dobby&quot;" type="cucumber.runtime.CucumberException">cucumber.runtime.CucumberException: Arity mismatch: Step Definition &apos;fc.test.RegisterATDDTester.i_fill_in_with(String,String,String,String,String,String) in file:/Users/kelvin/Downloads/ASD---Team-America/target/test-classes/&apos; with pattern [^I fill in &quot;([^&quot;]*)&quot; with &quot;([^&quot;]*)&quot;$] is declared with 6 parameters. However, the gherkin step has 2 arguments [First Name, Dobby]. 
Step: When I fill in &quot;First Name&quot; with &quot;Dobby&quot;
	at cucumber.runtime.StepDefinitionMatch.arityMismatch(StepDefinitionMatch.java:102)
	at cucumber.runtime.StepDefinitionMatch.transformedArgs(StepDefinitionMatch.java:60)
	at cucumber.runtime.StepDefinitionMatch.runStep(StepDefinitionMatch.java:37)
	at cucumber.runtime.Runtime.runStep(Runtime.java:300)
	at cucumber.runtime.model.StepContainer.runStep(StepContainer.java:44)
	at cucumber.runtime.model.StepContainer.runSteps(StepContainer.java:39)
	at cucumber.runtime.model.CucumberScenario.run(CucumberScenario.java:44)
	at cucumber.runtime.junit.ExecutionUnitRunner.run(ExecutionUnitRunner.java:102)
	at org.junit.runners.Suite.runChild(Suite.java:128)
	at org.junit.runners.Suite.runChild(Suite.java:27)
	at org.junit.runners.ParentRunner$3.run(ParentRunner.java:290)
	at org.junit.runners.ParentRunner$1.schedule(ParentRunner.java:71)
	at org.junit.runners.ParentRunner.runChildren(ParentRunner.java:288)
	at org.junit.runners.ParentRunner.access$000(ParentRunner.java:58)
	at org.junit.runners.ParentRunner$2.evaluate(ParentRunner.java:268)
	at org.junit.runners.ParentRunner.run(ParentRunner.java:363)
	at cucumber.runtime.junit.ExamplesRunner.run(ExamplesRunner.java:59)
	at org.junit.runners.Suite.runChild(Suite.java:128)
	at org.junit.runners.Suite.runChild(Suite.java:27)
	at org.junit.runners.ParentRunner$3.run(ParentRunner.java:290)
	at org.junit.runners.ParentRunner$1.schedule(ParentRunner.java:71)
	at org.junit.runners.ParentRunner.runChildren(ParentRunner.java:288)
	at org.junit.runners.ParentRunner.access$000(ParentRunner.java:58)
	at org.junit.runners.ParentRunner$2.evaluate(ParentRunner.java:268)
	at org.junit.runners.ParentRunner.run(ParentRunner.java:363)
	at cucumber.runtime.junit.ScenarioOutlineRunner.run(ScenarioOutlineRunner.java:53)
	at cucumber.runtime.junit.FeatureRunner.runChild(FeatureRunner.java:63)
	at cucumber.runtime.junit.FeatureRunner.runChild(FeatureRunner.java:18)
	at org.junit.runners.ParentRunner$3.run(ParentRunner.java:290)
	at org.junit.runners.ParentRunner$1.schedule(ParentRunner.java:71)
	at org.junit.runners.ParentRunner.runChildren(ParentRunner.java:288)
	at org.junit.runners.ParentRunner.access$000(ParentRunner.java:58)
	at org.junit.runners.ParentRunner$2.evaluate(ParentRunner.java:268)
	at org.junit.runners.ParentRunner.run(ParentRunner.java:363)
	at cucumber.runtime.junit.FeatureRunner.run(FeatureRunner.java:70)
	at cucumber.api.junit.Cucumber.runChild(Cucumber.java:95)
	at cucumber.api.junit.Cucumber.runChild(Cucumber.java:38)
	at org.junit.runners.ParentRunner$3.run(ParentRunner.java:290)
	at org.junit.runners.ParentRunner$1.schedule(ParentRunner.java:71)
	at org.junit.runners.ParentRunner.runChildren(ParentRunner.java:288)
	at org.junit.runners.ParentRunner.access$000(ParentRunner.java:58)
	at org.junit.runners.ParentRunner$2.evaluate(ParentRunner.java:268)
	at org.junit.runners.ParentRunner.run(ParentRunner.java:363)
	at cucumber.api.junit.Cucumber.run(Cucumber.java:100)
	at org.apache.maven.surefire.junit4.JUnit4TestSet.execute(JUnit4TestSet.java:53)
	at org.apache.maven.surefire.junit4.JUnit4Provider.executeTestSet(JUnit4Provider.java:123)
	at org.apache.maven.surefire.junit4.JUnit4Provider.invoke(JUnit4Provider.java:104)
	at sun.reflect.NativeMethodAccessorImpl.invoke0(Native Method)
	at sun.reflect.NativeMethodAccessorImpl.invoke(NativeMethodAccessorImpl.java:62)
	at sun.reflect.DelegatingMethodAccessorImpl.invoke(DelegatingMethodAccessorImpl.java:43)
	at java.lang.reflect.Method.invoke(Method.java:498)
	at org.apache.maven.surefire.util.ReflectionUtils.invokeMethodWithArray(ReflectionUtils.java:164)
	at org.apache.maven.surefire.booter.ProviderFactory$ProviderProxy.invoke(ProviderFactory.java:110)
	at org.apache.maven.surefire.booter.SurefireStarter.invokeProvider(SurefireStarter.java:175)
	at org.apache.maven.surefire.booter.SurefireStarter.runSuitesInProcessWhenForked(SurefireStarter.java:107)
	at org.apache.maven.surefire.booter.ForkedBooter.main(ForkedBooter.java:68)
</error>
    <system-out>
  Background: User navigates to FlightCenter Register page &amp;#27;[90m# RegisterFeature.feature:7&amp;#27;[0m
    &amp;#27;[32mGiven &amp;#27;[0m&amp;#27;[32mI am on register page&amp;#27;[0m                            &amp;#27;[90m# RegisterATDDTester.i_am_on_register_page()&amp;#27;[0m
</system-out>
  </testcase>
  <testcase classname="| Dobby |  | dobby@do.b | abcde1 | DD001 | 28\/03\/1960 | Missing last name. |" name="| Dobby |  | dobby@do.b | abcde1 | DD001 | 28\/03\/1960 | Missing last name. |" time="0.003">
    <error message="Arity mismatch: Step Definition &apos;fc.test.RegisterATDDTester.i_fill_in_with(String,String,String,String,String,String) in file:/Users/kelvin/Downloads/ASD---Team-America/target/test-classes/&apos; with pattern [^I fill in &quot;([^&quot;]*)&quot; with &quot;([^&quot;]*)&quot;$] is declared with 6 parameters. However, the gherkin step has 2 arguments [First Name, Dobby]. 
Step: When I fill in &quot;First Name&quot; with &quot;Dobby&quot;" type="cucumber.runtime.CucumberException">cucumber.runtime.CucumberException: Arity mismatch: Step Definition &apos;fc.test.RegisterATDDTester.i_fill_in_with(String,String,String,String,String,String) in file:/Users/kelvin/Downloads/ASD---Team-America/target/test-classes/&apos; with pattern [^I fill in &quot;([^&quot;]*)&quot; with &quot;([^&quot;]*)&quot;$] is declared with 6 parameters. However, the gherkin step has 2 arguments [First Name, Dobby]. 
Step: When I fill in &quot;First Name&quot; with &quot;Dobby&quot;
	at cucumber.runtime.StepDefinitionMatch.arityMismatch(StepDefinitionMatch.java:102)
	at cucumber.runtime.StepDefinitionMatch.transformedArgs(StepDefinitionMatch.java:60)
	at cucumber.runtime.StepDefinitionMatch.runStep(StepDefinitionMatch.java:37)
	at cucumber.runtime.Runtime.runStep(Runtime.java:300)
	at cucumber.runtime.model.StepContainer.runStep(StepContainer.java:44)
	at cucumber.runtime.model.StepContainer.runSteps(StepContainer.java:39)
	at cucumber.runtime.model.CucumberScenario.run(CucumberScenario.java:44)
	at cucumber.runtime.junit.ExecutionUnitRunner.run(ExecutionUnitRunner.java:102)
	at org.junit.runners.Suite.runChild(Suite.java:128)
	at org.junit.runners.Suite.runChild(Suite.java:27)
	at org.junit.runners.ParentRunner$3.run(ParentRunner.java:290)
	at org.junit.runners.ParentRunner$1.schedule(ParentRunner.java:71)
	at org.junit.runners.ParentRunner.runChildren(ParentRunner.java:288)
	at org.junit.runners.ParentRunner.access$000(ParentRunner.java:58)
	at org.junit.runners.ParentRunner$2.evaluate(ParentRunner.java:268)
	at org.junit.runners.ParentRunner.run(ParentRunner.java:363)
	at cucumber.runtime.junit.ExamplesRunner.run(ExamplesRunner.java:59)
	at org.junit.runners.Suite.runChild(Suite.java:128)
	at org.junit.runners.Suite.runChild(Suite.java:27)
	at org.junit.runners.ParentRunner$3.run(ParentRunner.java:290)
	at org.junit.runners.ParentRunner$1.schedule(ParentRunner.java:71)
	at org.junit.runners.ParentRunner.runChildren(ParentRunner.java:288)
	at org.junit.runners.ParentRunner.access$000(ParentRunner.java:58)
	at org.junit.runners.ParentRunner$2.evaluate(ParentRunner.java:268)
	at org.junit.runners.ParentRunner.run(ParentRunner.java:363)
	at cucumber.runtime.junit.ScenarioOutlineRunner.run(ScenarioOutlineRunner.java:53)
	at cucumber.runtime.junit.FeatureRunner.runChild(FeatureRunner.java:63)
	at cucumber.runtime.junit.FeatureRunner.runChild(FeatureRunner.java:18)
	at org.junit.runners.ParentRunner$3.run(ParentRunner.java:290)
	at org.junit.runners.ParentRunner$1.schedule(ParentRunner.java:71)
	at org.junit.runners.ParentRunner.runChildren(ParentRunner.java:288)
	at org.junit.runners.ParentRunner.access$000(ParentRunner.java:58)
	at org.junit.runners.ParentRunner$2.evaluate(ParentRunner.java:268)
	at org.junit.runners.ParentRunner.run(ParentRunner.java:363)
	at cucumber.runtime.junit.FeatureRunner.run(FeatureRunner.java:70)
	at cucumber.api.junit.Cucumber.runChild(Cucumber.java:95)
	at cucumber.api.junit.Cucumber.runChild(Cucumber.java:38)
	at org.junit.runners.ParentRunner$3.run(ParentRunner.java:290)
	at org.junit.runners.ParentRunner$1.schedule(ParentRunner.java:71)
	at org.junit.runners.ParentRunner.runChildren(ParentRunner.java:288)
	at org.junit.runners.ParentRunner.access$000(ParentRunner.java:58)
	at org.junit.runners.ParentRunner$2.evaluate(ParentRunner.java:268)
	at org.junit.runners.ParentRunner.run(ParentRunner.java:363)
	at cucumber.api.junit.Cucumber.run(Cucumber.java:100)
	at org.apache.maven.surefire.junit4.JUnit4TestSet.execute(JUnit4TestSet.java:53)
	at org.apache.maven.surefire.junit4.JUnit4Provider.executeTestSet(JUnit4Provider.java:123)
	at org.apache.maven.surefire.junit4.JUnit4Provider.invoke(JUnit4Provider.java:104)
	at sun.reflect.NativeMethodAccessorImpl.invoke0(Native Method)
	at sun.reflect.NativeMethodAccessorImpl.invoke(NativeMethodAccessorImpl.java:62)
	at sun.reflect.DelegatingMethodAccessorImpl.invoke(DelegatingMethodAccessorImpl.java:43)
	at java.lang.reflect.Method.invoke(Method.java:498)
	at org.apache.maven.surefire.util.ReflectionUtils.invokeMethodWithArray(ReflectionUtils.java:164)
	at org.apache.maven.surefire.booter.ProviderFactory$ProviderProxy.invoke(ProviderFactory.java:110)
	at org.apache.maven.surefire.booter.SurefireStarter.invokeProvider(SurefireStarter.java:175)
	at org.apache.maven.surefire.booter.SurefireStarter.runSuitesInProcessWhenForked(SurefireStarter.java:107)
	at org.apache.maven.surefire.booter.ForkedBooter.main(ForkedBooter.java:68)
</error>
  </testcase>
  <testcase classname="| Dobby |  | dobby@do.b | abcde1 | DD001 | 28\/03\/1960 | Missing last name. |" name="And I fill in \&quot;Last Name\&quot; with \&quot;\&quot;" time="0.006">
    <skipped/>
  </testcase>
  <testcase classname="| Dobby |  | dobby@do.b | abcde1 | DD001 | 28\/03\/1960 | Missing last name. |" name="And I fill in \&quot;Email\&quot; with \&quot;dobby@do.b\&quot;" time="0.006">
    <skipped/>
  </testcase>
  <testcase classname="| Dobby |  | dobby@do.b | abcde1 | DD001 | 28\/03\/1960 | Missing last name. |" name="And I fill in \&quot;Password\&quot; with \&quot;abcde1\&quot;" time="0.006">
    <skipped/>
  </testcase>
  <testcase classname="| Dobby |  | dobby@do.b | abcde1 | DD001 | 28\/03\/1960 | Missing last name. |" name="And I fill in \&quot;Passport Number\&quot; with \&quot;DD001\&quot;" time="0.006">
    <skipped/>
  </testcase>
  <testcase classname="| Dobby |  | dobby@do.b | abcde1 | DD001 | 28\/03\/1960 | Missing last name. |" name="And I fill in \&quot;DOB\&quot; with \&quot;28\/03\/1960\&quot;" time="0.006">
    <skipped/>
  </testcase>
  <testcase classname="| Dobby |  | dobby@do.b | abcde1 | DD001 | 28\/03\/1960 | Missing last name. |" name="Then I should see \&quot;register.jsp\&quot; register page" time="0.006">
    <skipped/>
  </testcase>
</testsuite>