<?xml version="1.0" encoding="UTF-8" ?>
<testsuite tests="24" failures="0" name="fc.test.RunTest" time="39.408" errors="0" skipped="0">
  <properties>
[...]
</properties>
  <testcase classname="Scenario: Successful registration" name="Given I am on Add Customer page" time="0"/>
  <testcase classname="Scenario: Successful registration" name="When I fill in \&quot;Customer\&quot; and \&quot;Test\&quot; and \&quot;cust@tester.com\&quot; and \&quot;abcde1\&quot; and \&quot;TT999\&quot; and \&quot;1992-12-12\&quot;" time="0"/>
  <testcase classname="Scenario: Successful registration" name="Then I should see user management page" time="0"/>
  <testcase classname="Scenario: Successful registration" name="Scenario: Successful registration" time="0"/>
  <testcase classname="|  | One | user@one.co | qwert1 | UO001 | 1994-04-15 | Missing first name. |" name="Given I am on Add Customer page" time="0"/>
  <testcase classname="|  | One | user@one.co | qwert1 | UO001 | 1994-04-15 | Missing first name. |" name="When I fill in \&quot;\&quot; and \&quot;One\&quot; and \&quot;user@one.co\&quot; and \&quot;qwert1\&quot; and \&quot;UO001\&quot; and \&quot;1994-04-15\&quot;" time="0"/>
  <testcase classname="|  | One | user@one.co | qwert1 | UO001 | 1994-04-15 | Missing first name. |" name="Then I should stay on userAdd management page" time="0"/>
  <testcase classname="|  | One | user@one.co | qwert1 | UO001 | 1994-04-15 | Missing first name. |" name="|  | One | user@one.co | qwert1 | UO001 | 1994-04-15 | Missing first name. |" time="0"/>
  <testcase classname="| James | Ten | ben@ten.co | qwert1 |  | 2000-01-01 | Missing password. |" name="Given I am on Add Customer page" time="0.001"/>
  <testcase classname="| James | Ten | ben@ten.co | qwert1 |  | 2000-01-01 | Missing password. |" name="When I fill in \&quot;James\&quot; and \&quot;Ten\&quot; and \&quot;ben@ten.co\&quot; and \&quot;qwert1\&quot; and \&quot;\&quot; and \&quot;2000-01-01\&quot;" time="0"/>
  <testcase classname="| James | Ten | ben@ten.co | qwert1 |  | 2000-01-01 | Missing password. |" name="Then I should stay on userAdd management page" time="0"/>
  <testcase classname="| James | Ten | ben@ten.co | qwert1 |  | 2000-01-01 | Missing password. |" name="| James | Ten | ben@ten.co | qwert1 |  | 2000-01-01 | Missing password. |" time="0"/>
  <testcase classname="| Donald | Kid | trump@gov.us |  | DT001 | 1950-11-13 | Missing passport number. |" name="Given I am on Add Customer page" time="0"/>
  <testcase classname="| Donald | Kid | trump@gov.us |  | DT001 | 1950-11-13 | Missing passport number. |" name="When I fill in \&quot;Donald\&quot; and \&quot;Kid\&quot; and \&quot;trump@gov.us\&quot; and \&quot;\&quot; and \&quot;DT001\&quot; and \&quot;1950-11-13\&quot;" time="0"/>
  <testcase classname="| Donald | Kid | trump@gov.us |  | DT001 | 1950-11-13 | Missing passport number. |" name="Then I should stay on userAdd management page" time="0"/>
  <testcase classname="| Donald | Kid | trump@gov.us |  | DT001 | 1950-11-13 | Missing passport number. |" name="| Donald | Kid | trump@gov.us |  | DT001 | 1950-11-13 | Missing passport number. |" time="0"/>
  <testcase classname="| Why |  | dobby@do.b | qwert1 | DD001 | 1960-12-28 | Missing last name. |" name="Given I am on Add Customer page" time="0"/>
  <testcase classname="| Why |  | dobby@do.b | qwert1 | DD001 | 1960-12-28 | Missing last name. |" name="When I fill in \&quot;Why\&quot; and \&quot;\&quot; and \&quot;dobby@do.b\&quot; and \&quot;qwert1\&quot; and \&quot;DD001\&quot; and \&quot;1960-12-28\&quot;" time="0"/>
  <testcase classname="| Why |  | dobby@do.b | qwert1 | DD001 | 1960-12-28 | Missing last name. |" name="Then I should stay on userAdd management page" time="0"/>
  <testcase classname="| Why |  | dobby@do.b | qwert1 | DD001 | 1960-12-28 | Missing last name. |" name="| Why |  | dobby@do.b | qwert1 | DD001 | 1960-12-28 | Missing last name. |" time="0"/>
  <testcase classname="| Test | Name | poo@head.aus | qwert1 | PH001 |  | Missing DOB. |" name="Given I am on Add Customer page" time="0"/>
  <testcase classname="| Test | Name | poo@head.aus | qwert1 | PH001 |  | Missing DOB. |" name="When I fill in \&quot;Test\&quot; and \&quot;Name\&quot; and \&quot;poo@head.aus\&quot; and \&quot;qwert1\&quot; and \&quot;PH001\&quot; and \&quot;\&quot;" time="0"/>
  <testcase classname="| Test | Name | poo@head.aus | qwert1 | PH001 |  | Missing DOB. |" name="Then I should stay on userAdd management page" time="0"/>
  <testcase classname="| Test | Name | poo@head.aus | qwert1 | PH001 |  | Missing DOB. |" name="| Test | Name | poo@head.aus | qwert1 | PH001 |  | Missing DOB. |" time="0.001"/>
</testsuite>