<?xml version="1.0" encoding="UTF-8" ?>
<testsuite tests="10" failures="0" name="fc.test.RunBookingTest" time="25.318" errors="4" skipped="2">
  <properties>
[...]
</properties>
  <testcase classname="Scenario: Valid search result" name="Given I log in as \&quot;admin@one.com\&quot; and \&quot;abcde1\&quot;" time="0.001"/>
  <testcase classname="Scenario: Valid search result" name="Then I go to User Management page" time="0"/>
  <testcase classname="Scenario: Valid search result" name="When I fill in \&quot;William\&quot;" time="0.002">
    <error message="Unable to locate element: #inputSearch
For documentation on this error, please visit: https://www.seleniumhq.org/exceptions/no_such_element.html
Build info: version: &apos;3.141.59&apos;, revision: &apos;e82be7d358&apos;, time: &apos;2018-11-14T08:17:03&apos;
System info: host: &apos;Williams-MacBook-Pro.local&apos;, ip: &apos;fe80:0:0:0:c98:84cd:5028:41d8%en0&apos;, os.name: &apos;Mac OS X&apos;, os.arch: &apos;x86_64&apos;, os.version: &apos;10.14.4&apos;, java.version: &apos;1.8.0_181&apos;
Driver info: org.openqa.selenium.firefox.FirefoxDriver
Capabilities {acceptInsecureCerts: true, browserName: firefox, browserVersion: 69.0, javascriptEnabled: true, moz:accessibilityChecks: false, moz:buildID: 20190827005903, moz:geckodriverVersion: 0.26.0, moz:headless: false, moz:processID: 15087, moz:profile: /var/folders/vp/x3kzn9lx2px..., moz:shutdownTimeout: 60000, moz:useNonSpecCompliantPointerOrigin: false, moz:webdriverClick: true, pageLoadStrategy: normal, platform: MAC, platformName: MAC, platformVersion: 18.5.0, rotatable: false, setWindowRect: true, strictFileInteractability: false, timeouts: {implicit: 0, pageLoad: 300000, script: 30000}, unhandledPromptBehavior: dismiss and notify}
Session ID: 28fcd13e-67d7-3a41-9e6a-ba4422e62896
*** Element info: {Using=id, value=inputSearch}" type="org.openqa.selenium.NoSuchElementException">org.openqa.selenium.NoSuchElementException: Unable to locate element: #inputSearch
For documentation on this error, please visit: https://www.seleniumhq.org/exceptions/no_such_element.html
Build info: version: &apos;3.141.59&apos;, revision: &apos;e82be7d358&apos;, time: &apos;2018-11-14T08:17:03&apos;
System info: host: &apos;Williams-MacBook-Pro.local&apos;, ip: &apos;fe80:0:0:0:c98:84cd:5028:41d8%en0&apos;, os.name: &apos;Mac OS X&apos;, os.arch: &apos;x86_64&apos;, os.version: &apos;10.14.4&apos;, java.version: &apos;1.8.0_181&apos;
Driver info: org.openqa.selenium.firefox.FirefoxDriver
Capabilities {acceptInsecureCerts: true, browserName: firefox, browserVersion: 69.0, javascriptEnabled: true, moz:accessibilityChecks: false, moz:buildID: 20190827005903, moz:geckodriverVersion: 0.26.0, moz:headless: false, moz:processID: 15087, moz:profile: /var/folders/vp/x3kzn9lx2px..., moz:shutdownTimeout: 60000, moz:useNonSpecCompliantPointerOrigin: false, moz:webdriverClick: true, pageLoadStrategy: normal, platform: MAC, platformName: MAC, platformVersion: 18.5.0, rotatable: false, setWindowRect: true, strictFileInteractability: false, timeouts: {implicit: 0, pageLoad: 300000, script: 30000}, unhandledPromptBehavior: dismiss and notify}
Session ID: 28fcd13e-67d7-3a41-9e6a-ba4422e62896
*** Element info: {Using=id, value=inputSearch}
	at sun.reflect.NativeConstructorAccessorImpl.newInstance0(Native Method)
	at sun.reflect.NativeConstructorAccessorImpl.newInstance(NativeConstructorAccessorImpl.java:62)
	at sun.reflect.DelegatingConstructorAccessorImpl.newInstance(DelegatingConstructorAccessorImpl.java:45)
	at java.lang.reflect.Constructor.newInstance(Constructor.java:423)
	at org.openqa.selenium.remote.http.W3CHttpResponseCodec.createException(W3CHttpResponseCodec.java:187)
	at org.openqa.selenium.remote.http.W3CHttpResponseCodec.decode(W3CHttpResponseCodec.java:122)
	at org.openqa.selenium.remote.http.W3CHttpResponseCodec.decode(W3CHttpResponseCodec.java:49)
	at org.openqa.selenium.remote.HttpCommandExecutor.execute(HttpCommandExecutor.java:158)
	at org.openqa.selenium.remote.service.DriverCommandExecutor.execute(DriverCommandExecutor.java:83)
	at org.openqa.selenium.remote.RemoteWebDriver.execute(RemoteWebDriver.java:552)
	at org.openqa.selenium.remote.RemoteWebDriver.findElement(RemoteWebDriver.java:323)
	at org.openqa.selenium.remote.RemoteWebDriver.findElementById(RemoteWebDriver.java:372)
	at org.openqa.selenium.By$ById.findElement(By.java:188)
	at org.openqa.selenium.remote.RemoteWebDriver.findElement(RemoteWebDriver.java:315)
	at fc.test.SearchCustomerFeature.i_fill_in(SearchCustomerFeature.java:49)
	at ✽.When I fill in &quot;William&quot;(SearchCustomerFeature.feature:13)
</error>
    <system-out>
  Background: Staff Navigates to FlightCenter User Management page &amp;#27;[90m# SearchCustomerFeature.feature:8&amp;#27;[0m
    &amp;#27;[32mGiven &amp;#27;[0m&amp;#27;[32mI log in as &quot;&amp;#27;[0m&amp;#27;[32m&amp;#27;[1madmin@one.com&amp;#27;[0m&amp;#27;[32m&quot; and &quot;&amp;#27;[0m&amp;#27;[32m&amp;#27;[1mabcde1&amp;#27;[0m&amp;#27;[32m&quot;&amp;#27;[0m                 &amp;#27;[90m# SearchCustomerFeature.i_log_in_as(String,String)&amp;#27;[0m
    &amp;#27;[32mThen &amp;#27;[0m&amp;#27;[32mI go to User Management page&amp;#27;[0m                              &amp;#27;[90m# SearchCustomerFeature.i_go_to_User_Management_page()&amp;#27;[0m
</system-out>
  </testcase>
  <testcase classname="Scenario: Valid search result" name="Scenario: Valid search result" time="0.002">
    <error message="Unable to locate element: #inputSearch
For documentation on this error, please visit: https://www.seleniumhq.org/exceptions/no_such_element.html
Build info: version: &apos;3.141.59&apos;, revision: &apos;e82be7d358&apos;, time: &apos;2018-11-14T08:17:03&apos;
System info: host: &apos;Williams-MacBook-Pro.local&apos;, ip: &apos;fe80:0:0:0:c98:84cd:5028:41d8%en0&apos;, os.name: &apos;Mac OS X&apos;, os.arch: &apos;x86_64&apos;, os.version: &apos;10.14.4&apos;, java.version: &apos;1.8.0_181&apos;
Driver info: org.openqa.selenium.firefox.FirefoxDriver
Capabilities {acceptInsecureCerts: true, browserName: firefox, browserVersion: 69.0, javascriptEnabled: true, moz:accessibilityChecks: false, moz:buildID: 20190827005903, moz:geckodriverVersion: 0.26.0, moz:headless: false, moz:processID: 15087, moz:profile: /var/folders/vp/x3kzn9lx2px..., moz:shutdownTimeout: 60000, moz:useNonSpecCompliantPointerOrigin: false, moz:webdriverClick: true, pageLoadStrategy: normal, platform: MAC, platformName: MAC, platformVersion: 18.5.0, rotatable: false, setWindowRect: true, strictFileInteractability: false, timeouts: {implicit: 0, pageLoad: 300000, script: 30000}, unhandledPromptBehavior: dismiss and notify}
Session ID: 28fcd13e-67d7-3a41-9e6a-ba4422e62896
*** Element info: {Using=id, value=inputSearch}" type="org.openqa.selenium.NoSuchElementException">org.openqa.selenium.NoSuchElementException: Unable to locate element: #inputSearch
For documentation on this error, please visit: https://www.seleniumhq.org/exceptions/no_such_element.html
Build info: version: &apos;3.141.59&apos;, revision: &apos;e82be7d358&apos;, time: &apos;2018-11-14T08:17:03&apos;
System info: host: &apos;Williams-MacBook-Pro.local&apos;, ip: &apos;fe80:0:0:0:c98:84cd:5028:41d8%en0&apos;, os.name: &apos;Mac OS X&apos;, os.arch: &apos;x86_64&apos;, os.version: &apos;10.14.4&apos;, java.version: &apos;1.8.0_181&apos;
Driver info: org.openqa.selenium.firefox.FirefoxDriver
Capabilities {acceptInsecureCerts: true, browserName: firefox, browserVersion: 69.0, javascriptEnabled: true, moz:accessibilityChecks: false, moz:buildID: 20190827005903, moz:geckodriverVersion: 0.26.0, moz:headless: false, moz:processID: 15087, moz:profile: /var/folders/vp/x3kzn9lx2px..., moz:shutdownTimeout: 60000, moz:useNonSpecCompliantPointerOrigin: false, moz:webdriverClick: true, pageLoadStrategy: normal, platform: MAC, platformName: MAC, platformVersion: 18.5.0, rotatable: false, setWindowRect: true, strictFileInteractability: false, timeouts: {implicit: 0, pageLoad: 300000, script: 30000}, unhandledPromptBehavior: dismiss and notify}
Session ID: 28fcd13e-67d7-3a41-9e6a-ba4422e62896
*** Element info: {Using=id, value=inputSearch}
	at sun.reflect.NativeConstructorAccessorImpl.newInstance0(Native Method)
	at sun.reflect.NativeConstructorAccessorImpl.newInstance(NativeConstructorAccessorImpl.java:62)
	at sun.reflect.DelegatingConstructorAccessorImpl.newInstance(DelegatingConstructorAccessorImpl.java:45)
	at java.lang.reflect.Constructor.newInstance(Constructor.java:423)
	at org.openqa.selenium.remote.http.W3CHttpResponseCodec.createException(W3CHttpResponseCodec.java:187)
	at org.openqa.selenium.remote.http.W3CHttpResponseCodec.decode(W3CHttpResponseCodec.java:122)
	at org.openqa.selenium.remote.http.W3CHttpResponseCodec.decode(W3CHttpResponseCodec.java:49)
	at org.openqa.selenium.remote.HttpCommandExecutor.execute(HttpCommandExecutor.java:158)
	at org.openqa.selenium.remote.service.DriverCommandExecutor.execute(DriverCommandExecutor.java:83)
	at org.openqa.selenium.remote.RemoteWebDriver.execute(RemoteWebDriver.java:552)
	at org.openqa.selenium.remote.RemoteWebDriver.findElement(RemoteWebDriver.java:323)
	at org.openqa.selenium.remote.RemoteWebDriver.findElementById(RemoteWebDriver.java:372)
	at org.openqa.selenium.By$ById.findElement(By.java:188)
	at org.openqa.selenium.remote.RemoteWebDriver.findElement(RemoteWebDriver.java:315)
	at fc.test.SearchCustomerFeature.i_fill_in(SearchCustomerFeature.java:49)
	at ✽.When I fill in &quot;William&quot;(SearchCustomerFeature.feature:13)
</error>
  </testcase>
  <testcase classname="Scenario: Valid search result" name="Then I should see user management page with user William" time="0.002">
    <skipped/>
  </testcase>
  <testcase classname="Scenario: Invalid search result" name="Given I log in as \&quot;admin@one.com\&quot; and \&quot;abcde1\&quot;" time="0"/>
  <testcase classname="Scenario: Invalid search result" name="Then I go to User Management page" time="0"/>
  <testcase classname="Scenario: Invalid search result" name="When I fill in \&quot;$%&amp;#^AKSDJ\&quot;" time="0">
    <error message="Unable to locate element: #inputSearch
For documentation on this error, please visit: https://www.seleniumhq.org/exceptions/no_such_element.html
Build info: version: &apos;3.141.59&apos;, revision: &apos;e82be7d358&apos;, time: &apos;2018-11-14T08:17:03&apos;
System info: host: &apos;Williams-MacBook-Pro.local&apos;, ip: &apos;fe80:0:0:0:c98:84cd:5028:41d8%en0&apos;, os.name: &apos;Mac OS X&apos;, os.arch: &apos;x86_64&apos;, os.version: &apos;10.14.4&apos;, java.version: &apos;1.8.0_181&apos;
Driver info: org.openqa.selenium.firefox.FirefoxDriver
Capabilities {acceptInsecureCerts: true, browserName: firefox, browserVersion: 69.0, javascriptEnabled: true, moz:accessibilityChecks: false, moz:buildID: 20190827005903, moz:geckodriverVersion: 0.26.0, moz:headless: false, moz:processID: 15093, moz:profile: /var/folders/vp/x3kzn9lx2px..., moz:shutdownTimeout: 60000, moz:useNonSpecCompliantPointerOrigin: false, moz:webdriverClick: true, pageLoadStrategy: normal, platform: MAC, platformName: MAC, platformVersion: 18.5.0, rotatable: false, setWindowRect: true, strictFileInteractability: false, timeouts: {implicit: 0, pageLoad: 300000, script: 30000}, unhandledPromptBehavior: dismiss and notify}
Session ID: 8a50764d-98b9-8247-82c7-97ea8b1ae8f5
*** Element info: {Using=id, value=inputSearch}" type="org.openqa.selenium.NoSuchElementException">org.openqa.selenium.NoSuchElementException: Unable to locate element: #inputSearch
For documentation on this error, please visit: https://www.seleniumhq.org/exceptions/no_such_element.html
Build info: version: &apos;3.141.59&apos;, revision: &apos;e82be7d358&apos;, time: &apos;2018-11-14T08:17:03&apos;
System info: host: &apos;Williams-MacBook-Pro.local&apos;, ip: &apos;fe80:0:0:0:c98:84cd:5028:41d8%en0&apos;, os.name: &apos;Mac OS X&apos;, os.arch: &apos;x86_64&apos;, os.version: &apos;10.14.4&apos;, java.version: &apos;1.8.0_181&apos;
Driver info: org.openqa.selenium.firefox.FirefoxDriver
Capabilities {acceptInsecureCerts: true, browserName: firefox, browserVersion: 69.0, javascriptEnabled: true, moz:accessibilityChecks: false, moz:buildID: 20190827005903, moz:geckodriverVersion: 0.26.0, moz:headless: false, moz:processID: 15093, moz:profile: /var/folders/vp/x3kzn9lx2px..., moz:shutdownTimeout: 60000, moz:useNonSpecCompliantPointerOrigin: false, moz:webdriverClick: true, pageLoadStrategy: normal, platform: MAC, platformName: MAC, platformVersion: 18.5.0, rotatable: false, setWindowRect: true, strictFileInteractability: false, timeouts: {implicit: 0, pageLoad: 300000, script: 30000}, unhandledPromptBehavior: dismiss and notify}
Session ID: 8a50764d-98b9-8247-82c7-97ea8b1ae8f5
*** Element info: {Using=id, value=inputSearch}
	at sun.reflect.NativeConstructorAccessorImpl.newInstance0(Native Method)
	at sun.reflect.NativeConstructorAccessorImpl.newInstance(NativeConstructorAccessorImpl.java:62)
	at sun.reflect.DelegatingConstructorAccessorImpl.newInstance(DelegatingConstructorAccessorImpl.java:45)
	at java.lang.reflect.Constructor.newInstance(Constructor.java:423)
	at org.openqa.selenium.remote.http.W3CHttpResponseCodec.createException(W3CHttpResponseCodec.java:187)
	at org.openqa.selenium.remote.http.W3CHttpResponseCodec.decode(W3CHttpResponseCodec.java:122)
	at org.openqa.selenium.remote.http.W3CHttpResponseCodec.decode(W3CHttpResponseCodec.java:49)
	at org.openqa.selenium.remote.HttpCommandExecutor.execute(HttpCommandExecutor.java:158)
	at org.openqa.selenium.remote.service.DriverCommandExecutor.execute(DriverCommandExecutor.java:83)
	at org.openqa.selenium.remote.RemoteWebDriver.execute(RemoteWebDriver.java:552)
	at org.openqa.selenium.remote.RemoteWebDriver.findElement(RemoteWebDriver.java:323)
	at org.openqa.selenium.remote.RemoteWebDriver.findElementById(RemoteWebDriver.java:372)
	at org.openqa.selenium.By$ById.findElement(By.java:188)
	at org.openqa.selenium.remote.RemoteWebDriver.findElement(RemoteWebDriver.java:315)
	at fc.test.SearchCustomerFeature.i_fill_in(SearchCustomerFeature.java:49)
	at ✽.When I fill in &quot;$%&amp;#^AKSDJ&quot;(SearchCustomerFeature.feature:17)
</error>
    <system-out>
  Background: Staff Navigates to FlightCenter User Management page &amp;#27;[90m# SearchCustomerFeature.feature:8&amp;#27;[0m
    &amp;#27;[32mGiven &amp;#27;[0m&amp;#27;[32mI log in as &quot;&amp;#27;[0m&amp;#27;[32m&amp;#27;[1madmin@one.com&amp;#27;[0m&amp;#27;[32m&quot; and &quot;&amp;#27;[0m&amp;#27;[32m&amp;#27;[1mabcde1&amp;#27;[0m&amp;#27;[32m&quot;&amp;#27;[0m                 &amp;#27;[90m# SearchCustomerFeature.i_log_in_as(String,String)&amp;#27;[0m
    &amp;#27;[32mThen &amp;#27;[0m&amp;#27;[32mI go to User Management page&amp;#27;[0m                              &amp;#27;[90m# SearchCustomerFeature.i_go_to_User_Management_page()&amp;#27;[0m
</system-out>
  </testcase>
  <testcase classname="Scenario: Invalid search result" name="Scenario: Invalid search result" time="0">
    <error message="Unable to locate element: #inputSearch
For documentation on this error, please visit: https://www.seleniumhq.org/exceptions/no_such_element.html
Build info: version: &apos;3.141.59&apos;, revision: &apos;e82be7d358&apos;, time: &apos;2018-11-14T08:17:03&apos;
System info: host: &apos;Williams-MacBook-Pro.local&apos;, ip: &apos;fe80:0:0:0:c98:84cd:5028:41d8%en0&apos;, os.name: &apos;Mac OS X&apos;, os.arch: &apos;x86_64&apos;, os.version: &apos;10.14.4&apos;, java.version: &apos;1.8.0_181&apos;
Driver info: org.openqa.selenium.firefox.FirefoxDriver
Capabilities {acceptInsecureCerts: true, browserName: firefox, browserVersion: 69.0, javascriptEnabled: true, moz:accessibilityChecks: false, moz:buildID: 20190827005903, moz:geckodriverVersion: 0.26.0, moz:headless: false, moz:processID: 15093, moz:profile: /var/folders/vp/x3kzn9lx2px..., moz:shutdownTimeout: 60000, moz:useNonSpecCompliantPointerOrigin: false, moz:webdriverClick: true, pageLoadStrategy: normal, platform: MAC, platformName: MAC, platformVersion: 18.5.0, rotatable: false, setWindowRect: true, strictFileInteractability: false, timeouts: {implicit: 0, pageLoad: 300000, script: 30000}, unhandledPromptBehavior: dismiss and notify}
Session ID: 8a50764d-98b9-8247-82c7-97ea8b1ae8f5
*** Element info: {Using=id, value=inputSearch}" type="org.openqa.selenium.NoSuchElementException">org.openqa.selenium.NoSuchElementException: Unable to locate element: #inputSearch
For documentation on this error, please visit: https://www.seleniumhq.org/exceptions/no_such_element.html
Build info: version: &apos;3.141.59&apos;, revision: &apos;e82be7d358&apos;, time: &apos;2018-11-14T08:17:03&apos;
System info: host: &apos;Williams-MacBook-Pro.local&apos;, ip: &apos;fe80:0:0:0:c98:84cd:5028:41d8%en0&apos;, os.name: &apos;Mac OS X&apos;, os.arch: &apos;x86_64&apos;, os.version: &apos;10.14.4&apos;, java.version: &apos;1.8.0_181&apos;
Driver info: org.openqa.selenium.firefox.FirefoxDriver
Capabilities {acceptInsecureCerts: true, browserName: firefox, browserVersion: 69.0, javascriptEnabled: true, moz:accessibilityChecks: false, moz:buildID: 20190827005903, moz:geckodriverVersion: 0.26.0, moz:headless: false, moz:processID: 15093, moz:profile: /var/folders/vp/x3kzn9lx2px..., moz:shutdownTimeout: 60000, moz:useNonSpecCompliantPointerOrigin: false, moz:webdriverClick: true, pageLoadStrategy: normal, platform: MAC, platformName: MAC, platformVersion: 18.5.0, rotatable: false, setWindowRect: true, strictFileInteractability: false, timeouts: {implicit: 0, pageLoad: 300000, script: 30000}, unhandledPromptBehavior: dismiss and notify}
Session ID: 8a50764d-98b9-8247-82c7-97ea8b1ae8f5
*** Element info: {Using=id, value=inputSearch}
	at sun.reflect.NativeConstructorAccessorImpl.newInstance0(Native Method)
	at sun.reflect.NativeConstructorAccessorImpl.newInstance(NativeConstructorAccessorImpl.java:62)
	at sun.reflect.DelegatingConstructorAccessorImpl.newInstance(DelegatingConstructorAccessorImpl.java:45)
	at java.lang.reflect.Constructor.newInstance(Constructor.java:423)
	at org.openqa.selenium.remote.http.W3CHttpResponseCodec.createException(W3CHttpResponseCodec.java:187)
	at org.openqa.selenium.remote.http.W3CHttpResponseCodec.decode(W3CHttpResponseCodec.java:122)
	at org.openqa.selenium.remote.http.W3CHttpResponseCodec.decode(W3CHttpResponseCodec.java:49)
	at org.openqa.selenium.remote.HttpCommandExecutor.execute(HttpCommandExecutor.java:158)
	at org.openqa.selenium.remote.service.DriverCommandExecutor.execute(DriverCommandExecutor.java:83)
	at org.openqa.selenium.remote.RemoteWebDriver.execute(RemoteWebDriver.java:552)
	at org.openqa.selenium.remote.RemoteWebDriver.findElement(RemoteWebDriver.java:323)
	at org.openqa.selenium.remote.RemoteWebDriver.findElementById(RemoteWebDriver.java:372)
	at org.openqa.selenium.By$ById.findElement(By.java:188)
	at org.openqa.selenium.remote.RemoteWebDriver.findElement(RemoteWebDriver.java:315)
	at fc.test.SearchCustomerFeature.i_fill_in(SearchCustomerFeature.java:49)
	at ✽.When I fill in &quot;$%&amp;#^AKSDJ&quot;(SearchCustomerFeature.feature:17)
</error>
  </testcase>
  <testcase classname="Scenario: Invalid search result" name="Then I should see error message for invalid search result" time="0.001">
    <skipped/>
  </testcase>
</testsuite>