<?xml version="1.0" encoding="UTF-8" ?>
<testsuite tests="25" failures="0" name="test.RunTest" time="24.598" errors="6" skipped="6">
  <properties>
[...]
</properties>
  <testcase classname="Scenario: Successful login to mLab" name="Given I am on login page" time="0.001"/>
  <testcase classname="Scenario: Successful login to mLab" name="When I fill in \&quot;Email\&quot; with \&quot;&lt;mLab email&gt;\&quot;" time="0.002">
    <error message="Failed to decode response from marionette
Build info: version: &apos;3.141.59&apos;, revision: &apos;e82be7d358&apos;, time: &apos;2018-11-14T08:17:03&apos;
System info: host: &apos;DESKTOP-GS5KILN&apos;, ip: &apos;172.19.115.121&apos;, os.name: &apos;Windows 10&apos;, os.arch: &apos;amd64&apos;, os.version: &apos;10.0&apos;, java.version: &apos;1.8.0_221&apos;
Driver info: org.openqa.selenium.firefox.FirefoxDriver
Capabilities {acceptInsecureCerts: true, browserName: firefox, browserVersion: 69.0, javascriptEnabled: true, moz:accessibilityChecks: false, moz:buildID: 20190827005903, moz:geckodriverVersion: 0.25.0, moz:headless: false, moz:processID: 12240, moz:profile: C:\Users\muqad\AppData\Loca..., moz:shutdownTimeout: 60000, moz:useNonSpecCompliantPointerOrigin: false, moz:webdriverClick: true, pageLoadStrategy: normal, platform: WINDOWS, platformName: WINDOWS, platformVersion: 10.0, rotatable: false, setWindowRect: true, strictFileInteractability: false, timeouts: {implicit: 0, pageLoad: 300000, script: 30000}, unhandledPromptBehavior: dismiss and notify}
Session ID: 5f75352a-c25f-4ba9-b52c-533a05819ed5" type="org.openqa.selenium.WebDriverException">org.openqa.selenium.WebDriverException: Failed to decode response from marionette
Build info: version: &apos;3.141.59&apos;, revision: &apos;e82be7d358&apos;, time: &apos;2018-11-14T08:17:03&apos;
System info: host: &apos;DESKTOP-GS5KILN&apos;, ip: &apos;172.19.115.121&apos;, os.name: &apos;Windows 10&apos;, os.arch: &apos;amd64&apos;, os.version: &apos;10.0&apos;, java.version: &apos;1.8.0_221&apos;
Driver info: org.openqa.selenium.firefox.FirefoxDriver
Capabilities {acceptInsecureCerts: true, browserName: firefox, browserVersion: 69.0, javascriptEnabled: true, moz:accessibilityChecks: false, moz:buildID: 20190827005903, moz:geckodriverVersion: 0.25.0, moz:headless: false, moz:processID: 12240, moz:profile: C:\Users\muqad\AppData\Loca..., moz:shutdownTimeout: 60000, moz:useNonSpecCompliantPointerOrigin: false, moz:webdriverClick: true, pageLoadStrategy: normal, platform: WINDOWS, platformName: WINDOWS, platformVersion: 10.0, rotatable: false, setWindowRect: true, strictFileInteractability: false, timeouts: {implicit: 0, pageLoad: 300000, script: 30000}, unhandledPromptBehavior: dismiss and notify}
Session ID: 5f75352a-c25f-4ba9-b52c-533a05819ed5
	at sun.reflect.NativeConstructorAccessorImpl.newInstance0(Native Method)
	at sun.reflect.NativeConstructorAccessorImpl.newInstance(NativeConstructorAccessorImpl.java:62)
	at sun.reflect.DelegatingConstructorAccessorImpl.newInstance(DelegatingConstructorAccessorImpl.java:45)
	at java.lang.reflect.Constructor.newInstance(Constructor.java:423)
	at org.openqa.selenium.remote.http.W3CHttpResponseCodec.createException(W3CHttpResponseCodec.java:187)
	at org.openqa.selenium.remote.http.W3CHttpResponseCodec.decode(W3CHttpResponseCodec.java:122)
	at org.openqa.selenium.remote.http.W3CHttpResponseCodec.decode(W3CHttpResponseCodec.java:49)
	at org.openqa.selenium.remote.HttpCommandExecutor.execute(HttpCommandExecutor.java:158)
	at org.openqa.selenium.remote.service.DriverCommandExecutor.execute(DriverCommandExecutor.java:83)
	at org.openqa.selenium.remote.RemoteWebDriver.execute(RemoteWebDriver.java:552)
	at org.openqa.selenium.remote.RemoteWebDriver.get(RemoteWebDriver.java:277)
	at test.LoginFeature.i_fill_in_with(LoginFeature.java:36)
	at ✽.When I fill in &quot;Email&quot; with &quot;&lt;mLab email&gt;&quot;(LoginFeature.feature:14)
</error>
    <system-out>
  Background: User nevigates to mLab login page &amp;#27;[90m# LoginFeature.feature:10&amp;#27;[0m
    &amp;#27;[32mGiven &amp;#27;[0m&amp;#27;[32mI am on login page&amp;#27;[0m                    &amp;#27;[90m# LoginFeature.i_am_on_login_page()&amp;#27;[0m
</system-out>
    <system-err>[Child 20420, Chrome_ChildThread] WARNING: pipe error: 109: file z:/task_1566864336/build/src/ipc/chromium/src/chrome/common/ipc_channel_win.cc, line 341
[Child 20420, Chrome_Chil[Child 11836, Chrome_ChildThread] WARNING: pipe error: 109: file z:/task_1566864336/build/src/ipc/chromium/src/chrome/common/ipc_channel_win.cc, line 341
[Child 11836, Chrome_ChildThre[Parent 12240, Gecko_IOThread] WARNING: pipe error: 109: file z:/task_1566864336/build/src/ipc/chromium/src/chrome/common/ipc_channel_win.cc, line 341
[Child 24044, Chrome_ChildThread] WARNING: pipe error: 109: file z:/task_1566864336/build/src/ipc/chromium/src/chrome/common/ipc_channel_win.cc, line 341
[Child 24044, C1568365971537	Marionette	INFO	Stopped listening on port 55237

###!!! [Child][RunMessage] Error: Channel closing: too late to send/recv, messages will be lost

[GPU 
###!!! [Child][MessageChannel::SendAndWait] Error: Channel error: cannot send/recv

</system-err>
  </testcase>
  <testcase classname="Scenario: Successful login to mLab" name="Scenario: Successful login to mLab" time="0.003">
    <error message="Failed to decode response from marionette
Build info: version: &apos;3.141.59&apos;, revision: &apos;e82be7d358&apos;, time: &apos;2018-11-14T08:17:03&apos;
System info: host: &apos;DESKTOP-GS5KILN&apos;, ip: &apos;172.19.115.121&apos;, os.name: &apos;Windows 10&apos;, os.arch: &apos;amd64&apos;, os.version: &apos;10.0&apos;, java.version: &apos;1.8.0_221&apos;
Driver info: org.openqa.selenium.firefox.FirefoxDriver
Capabilities {acceptInsecureCerts: true, browserName: firefox, browserVersion: 69.0, javascriptEnabled: true, moz:accessibilityChecks: false, moz:buildID: 20190827005903, moz:geckodriverVersion: 0.25.0, moz:headless: false, moz:processID: 12240, moz:profile: C:\Users\muqad\AppData\Loca..., moz:shutdownTimeout: 60000, moz:useNonSpecCompliantPointerOrigin: false, moz:webdriverClick: true, pageLoadStrategy: normal, platform: WINDOWS, platformName: WINDOWS, platformVersion: 10.0, rotatable: false, setWindowRect: true, strictFileInteractability: false, timeouts: {implicit: 0, pageLoad: 300000, script: 30000}, unhandledPromptBehavior: dismiss and notify}
Session ID: 5f75352a-c25f-4ba9-b52c-533a05819ed5" type="org.openqa.selenium.WebDriverException">org.openqa.selenium.WebDriverException: Failed to decode response from marionette
Build info: version: &apos;3.141.59&apos;, revision: &apos;e82be7d358&apos;, time: &apos;2018-11-14T08:17:03&apos;
System info: host: &apos;DESKTOP-GS5KILN&apos;, ip: &apos;172.19.115.121&apos;, os.name: &apos;Windows 10&apos;, os.arch: &apos;amd64&apos;, os.version: &apos;10.0&apos;, java.version: &apos;1.8.0_221&apos;
Driver info: org.openqa.selenium.firefox.FirefoxDriver
Capabilities {acceptInsecureCerts: true, browserName: firefox, browserVersion: 69.0, javascriptEnabled: true, moz:accessibilityChecks: false, moz:buildID: 20190827005903, moz:geckodriverVersion: 0.25.0, moz:headless: false, moz:processID: 12240, moz:profile: C:\Users\muqad\AppData\Loca..., moz:shutdownTimeout: 60000, moz:useNonSpecCompliantPointerOrigin: false, moz:webdriverClick: true, pageLoadStrategy: normal, platform: WINDOWS, platformName: WINDOWS, platformVersion: 10.0, rotatable: false, setWindowRect: true, strictFileInteractability: false, timeouts: {implicit: 0, pageLoad: 300000, script: 30000}, unhandledPromptBehavior: dismiss and notify}
Session ID: 5f75352a-c25f-4ba9-b52c-533a05819ed5
	at sun.reflect.NativeConstructorAccessorImpl.newInstance0(Native Method)
	at sun.reflect.NativeConstructorAccessorImpl.newInstance(NativeConstructorAccessorImpl.java:62)
	at sun.reflect.DelegatingConstructorAccessorImpl.newInstance(DelegatingConstructorAccessorImpl.java:45)
	at java.lang.reflect.Constructor.newInstance(Constructor.java:423)
	at org.openqa.selenium.remote.http.W3CHttpResponseCodec.createException(W3CHttpResponseCodec.java:187)
	at org.openqa.selenium.remote.http.W3CHttpResponseCodec.decode(W3CHttpResponseCodec.java:122)
	at org.openqa.selenium.remote.http.W3CHttpResponseCodec.decode(W3CHttpResponseCodec.java:49)
	at org.openqa.selenium.remote.HttpCommandExecutor.execute(HttpCommandExecutor.java:158)
	at org.openqa.selenium.remote.service.DriverCommandExecutor.execute(DriverCommandExecutor.java:83)
	at org.openqa.selenium.remote.RemoteWebDriver.execute(RemoteWebDriver.java:552)
	at org.openqa.selenium.remote.RemoteWebDriver.get(RemoteWebDriver.java:277)
	at test.LoginFeature.i_fill_in_with(LoginFeature.java:36)
	at ✽.When I fill in &quot;Email&quot; with &quot;&lt;mLab email&gt;&quot;(LoginFeature.feature:14)
</error>
  </testcase>
  <testcase classname="Scenario: Successful login to mLab" name="And I fill in \&quot;Password\&quot; with \&quot;&lt;mLab Password&gt;\&quot;" time="0.003">
    <skipped/>
  </testcase>
  <testcase classname="Scenario: Successful login to mLab" name="Then I should see \&quot;main.jsp\&quot; main page" time="0.003">
    <skipped/>
  </testcase>
  <testcase classname="| Test | !23 | Incorrect credentials. Try again. |" name="Given I am on login page" time="0"/>
  <testcase classname="| Test | !23 | Incorrect credentials. Try again. |" name="When I fill in \&quot;Email\&quot; with \&quot;&lt;email&gt;\&quot;" time="0"/>
  <testcase classname="| Test | !23 | Incorrect credentials. Try again. |" name="And I fill in \&quot;Password\&quot; with \&quot;&lt;Password&gt;\&quot;" time="0"/>
  <testcase classname="| Test | !23 | Incorrect credentials. Try again. |" name="Then I should see \&quot;login.jsp\&quot; login page" time="0"/>
  <testcase classname="| Test | !23 | Incorrect credentials. Try again. |" name="| Test | !23 | Incorrect credentials. Try again. |" time="0"/>
  <testcase classname="| Test |  | Please enter password. |" name="Given I am on login page" time="0"/>
  <testcase classname="| Test |  | Please enter password. |" name="When I fill in \&quot;Email\&quot; with \&quot;&lt;email&gt;\&quot;" time="0"/>
  <testcase classname="| Test |  | Please enter password. |" name="And I fill in \&quot;Password\&quot; with \&quot;&lt;Password&gt;\&quot;" time="0"/>
  <testcase classname="| Test |  | Please enter password. |" name="Then I should see \&quot;login.jsp\&quot; login page" time="0"/>
  <testcase classname="| Test |  | Please enter password. |" name="| Test |  | Please enter password. |" time="0"/>
  <testcase classname="|  | 123 | Please enter username. |" name="Given I am on login page" time="0"/>
  <testcase classname="|  | 123 | Please enter username. |" name="When I fill in \&quot;Email\&quot; with \&quot;&lt;email&gt;\&quot;" time="0.001">
    <error message="Browsing context has been discarded
Build info: version: &apos;3.141.59&apos;, revision: &apos;e82be7d358&apos;, time: &apos;2018-11-14T08:17:03&apos;
System info: host: &apos;DESKTOP-GS5KILN&apos;, ip: &apos;172.19.115.121&apos;, os.name: &apos;Windows 10&apos;, os.arch: &apos;amd64&apos;, os.version: &apos;10.0&apos;, java.version: &apos;1.8.0_221&apos;
Driver info: org.openqa.selenium.firefox.FirefoxDriver
Capabilities {acceptInsecureCerts: true, browserName: firefox, browserVersion: 69.0, javascriptEnabled: true, moz:accessibilityChecks: false, moz:buildID: 20190827005903, moz:geckodriverVersion: 0.25.0, moz:headless: false, moz:processID: 20584, moz:profile: C:\Users\muqad\AppData\Loca..., moz:shutdownTimeout: 60000, moz:useNonSpecCompliantPointerOrigin: false, moz:webdriverClick: true, pageLoadStrategy: normal, platform: WINDOWS, platformName: WINDOWS, platformVersion: 10.0, rotatable: false, setWindowRect: true, strictFileInteractability: false, timeouts: {implicit: 0, pageLoad: 300000, script: 30000}, unhandledPromptBehavior: dismiss and notify}
Session ID: d2df66c0-9eaa-4fde-ab56-dc8fa1f3c9da" type="org.openqa.selenium.NoSuchWindowException">org.openqa.selenium.NoSuchWindowException: Browsing context has been discarded
Build info: version: &apos;3.141.59&apos;, revision: &apos;e82be7d358&apos;, time: &apos;2018-11-14T08:17:03&apos;
System info: host: &apos;DESKTOP-GS5KILN&apos;, ip: &apos;172.19.115.121&apos;, os.name: &apos;Windows 10&apos;, os.arch: &apos;amd64&apos;, os.version: &apos;10.0&apos;, java.version: &apos;1.8.0_221&apos;
Driver info: org.openqa.selenium.firefox.FirefoxDriver
Capabilities {acceptInsecureCerts: true, browserName: firefox, browserVersion: 69.0, javascriptEnabled: true, moz:accessibilityChecks: false, moz:buildID: 20190827005903, moz:geckodriverVersion: 0.25.0, moz:headless: false, moz:processID: 20584, moz:profile: C:\Users\muqad\AppData\Loca..., moz:shutdownTimeout: 60000, moz:useNonSpecCompliantPointerOrigin: false, moz:webdriverClick: true, pageLoadStrategy: normal, platform: WINDOWS, platformName: WINDOWS, platformVersion: 10.0, rotatable: false, setWindowRect: true, strictFileInteractability: false, timeouts: {implicit: 0, pageLoad: 300000, script: 30000}, unhandledPromptBehavior: dismiss and notify}
Session ID: d2df66c0-9eaa-4fde-ab56-dc8fa1f3c9da
	at sun.reflect.NativeConstructorAccessorImpl.newInstance0(Native Method)
	at sun.reflect.NativeConstructorAccessorImpl.newInstance(NativeConstructorAccessorImpl.java:62)
	at sun.reflect.DelegatingConstructorAccessorImpl.newInstance(DelegatingConstructorAccessorImpl.java:45)
	at java.lang.reflect.Constructor.newInstance(Constructor.java:423)
	at org.openqa.selenium.remote.http.W3CHttpResponseCodec.createException(W3CHttpResponseCodec.java:187)
	at org.openqa.selenium.remote.http.W3CHttpResponseCodec.decode(W3CHttpResponseCodec.java:122)
	at org.openqa.selenium.remote.http.W3CHttpResponseCodec.decode(W3CHttpResponseCodec.java:49)
	at org.openqa.selenium.remote.HttpCommandExecutor.execute(HttpCommandExecutor.java:158)
	at org.openqa.selenium.remote.service.DriverCommandExecutor.execute(DriverCommandExecutor.java:83)
	at org.openqa.selenium.remote.RemoteWebDriver.execute(RemoteWebDriver.java:552)
	at org.openqa.selenium.remote.RemoteWebDriver.get(RemoteWebDriver.java:277)
	at test.LoginFeature.i_fill_in_with(LoginFeature.java:36)
	at ✽.When I fill in &quot;Email&quot; with &quot;&lt;email&gt;&quot;(LoginFeature.feature:19)
</error>
    <system-out>
  Background: User nevigates to mLab login page &amp;#27;[90m# LoginFeature.feature:10&amp;#27;[0m
    &amp;#27;[32mGiven &amp;#27;[0m&amp;#27;[32mI am on login page&amp;#27;[0m                    &amp;#27;[90m# LoginFeature.i_am_on_login_page()&amp;#27;[0m
</system-out>
    <system-err>[Child 9664, Chrome_ChildThread] WARNING: pipe error: 109: file z:/task_1566864336/build/src/ipc/chromium/src/chrome/common/ipc_channel_win.cc, line 341
[Child 9664, Chrome_ChildThr[Child 10512, Chrome_ChildThread] WARNING: pipe error: 109: file z:/task_1566864336/build/src/ipc/chromium/src/chrome/common/ipc_channel_win.cc, line 341
[Child 10512</system-err>
  </testcase>
  <testcase classname="|  | 123 | Please enter username. |" name="|  | 123 | Please enter username. |" time="0.001">
    <error message="Browsing context has been discarded
Build info: version: &apos;3.141.59&apos;, revision: &apos;e82be7d358&apos;, time: &apos;2018-11-14T08:17:03&apos;
System info: host: &apos;DESKTOP-GS5KILN&apos;, ip: &apos;172.19.115.121&apos;, os.name: &apos;Windows 10&apos;, os.arch: &apos;amd64&apos;, os.version: &apos;10.0&apos;, java.version: &apos;1.8.0_221&apos;
Driver info: org.openqa.selenium.firefox.FirefoxDriver
Capabilities {acceptInsecureCerts: true, browserName: firefox, browserVersion: 69.0, javascriptEnabled: true, moz:accessibilityChecks: false, moz:buildID: 20190827005903, moz:geckodriverVersion: 0.25.0, moz:headless: false, moz:processID: 20584, moz:profile: C:\Users\muqad\AppData\Loca..., moz:shutdownTimeout: 60000, moz:useNonSpecCompliantPointerOrigin: false, moz:webdriverClick: true, pageLoadStrategy: normal, platform: WINDOWS, platformName: WINDOWS, platformVersion: 10.0, rotatable: false, setWindowRect: true, strictFileInteractability: false, timeouts: {implicit: 0, pageLoad: 300000, script: 30000}, unhandledPromptBehavior: dismiss and notify}
Session ID: d2df66c0-9eaa-4fde-ab56-dc8fa1f3c9da" type="org.openqa.selenium.NoSuchWindowException">org.openqa.selenium.NoSuchWindowException: Browsing context has been discarded
Build info: version: &apos;3.141.59&apos;, revision: &apos;e82be7d358&apos;, time: &apos;2018-11-14T08:17:03&apos;
System info: host: &apos;DESKTOP-GS5KILN&apos;, ip: &apos;172.19.115.121&apos;, os.name: &apos;Windows 10&apos;, os.arch: &apos;amd64&apos;, os.version: &apos;10.0&apos;, java.version: &apos;1.8.0_221&apos;
Driver info: org.openqa.selenium.firefox.FirefoxDriver
Capabilities {acceptInsecureCerts: true, browserName: firefox, browserVersion: 69.0, javascriptEnabled: true, moz:accessibilityChecks: false, moz:buildID: 20190827005903, moz:geckodriverVersion: 0.25.0, moz:headless: false, moz:processID: 20584, moz:profile: C:\Users\muqad\AppData\Loca..., moz:shutdownTimeout: 60000, moz:useNonSpecCompliantPointerOrigin: false, moz:webdriverClick: true, pageLoadStrategy: normal, platform: WINDOWS, platformName: WINDOWS, platformVersion: 10.0, rotatable: false, setWindowRect: true, strictFileInteractability: false, timeouts: {implicit: 0, pageLoad: 300000, script: 30000}, unhandledPromptBehavior: dismiss and notify}
Session ID: d2df66c0-9eaa-4fde-ab56-dc8fa1f3c9da
	at sun.reflect.NativeConstructorAccessorImpl.newInstance0(Native Method)
	at sun.reflect.NativeConstructorAccessorImpl.newInstance(NativeConstructorAccessorImpl.java:62)
	at sun.reflect.DelegatingConstructorAccessorImpl.newInstance(DelegatingConstructorAccessorImpl.java:45)
	at java.lang.reflect.Constructor.newInstance(Constructor.java:423)
	at org.openqa.selenium.remote.http.W3CHttpResponseCodec.createException(W3CHttpResponseCodec.java:187)
	at org.openqa.selenium.remote.http.W3CHttpResponseCodec.decode(W3CHttpResponseCodec.java:122)
	at org.openqa.selenium.remote.http.W3CHttpResponseCodec.decode(W3CHttpResponseCodec.java:49)
	at org.openqa.selenium.remote.HttpCommandExecutor.execute(HttpCommandExecutor.java:158)
	at org.openqa.selenium.remote.service.DriverCommandExecutor.execute(DriverCommandExecutor.java:83)
	at org.openqa.selenium.remote.RemoteWebDriver.execute(RemoteWebDriver.java:552)
	at org.openqa.selenium.remote.RemoteWebDriver.get(RemoteWebDriver.java:277)
	at test.LoginFeature.i_fill_in_with(LoginFeature.java:36)
	at ✽.When I fill in &quot;Email&quot; with &quot;&lt;email&gt;&quot;(LoginFeature.feature:19)
</error>
  </testcase>
  <testcase classname="|  | 123 | Please enter username. |" name="And I fill in \&quot;Password\&quot; with \&quot;&lt;Password&gt;\&quot;" time="0.001">
    <skipped/>
  </testcase>
  <testcase classname="|  | 123 | Please enter username. |" name="Then I should see \&quot;login.jsp\&quot; login page" time="0.002">
    <skipped/>
  </testcase>
  <testcase classname="|  |  | Please enter your credentials. |" name="Given I am on login page" time="0"/>
  <testcase classname="|  |  | Please enter your credentials. |" name="When I fill in \&quot;Email\&quot; with \&quot;&lt;email&gt;\&quot;" time="0.001">
    <error message="Failed to decode response from marionette
Build info: version: &apos;3.141.59&apos;, revision: &apos;e82be7d358&apos;, time: &apos;2018-11-14T08:17:03&apos;
System info: host: &apos;DESKTOP-GS5KILN&apos;, ip: &apos;172.19.115.121&apos;, os.name: &apos;Windows 10&apos;, os.arch: &apos;amd64&apos;, os.version: &apos;10.0&apos;, java.version: &apos;1.8.0_221&apos;
Driver info: org.openqa.selenium.firefox.FirefoxDriver
Capabilities {acceptInsecureCerts: true, browserName: firefox, browserVersion: 69.0, javascriptEnabled: true, moz:accessibilityChecks: false, moz:buildID: 20190827005903, moz:geckodriverVersion: 0.25.0, moz:headless: false, moz:processID: 15328, moz:profile: C:\Users\muqad\AppData\Loca..., moz:shutdownTimeout: 60000, moz:useNonSpecCompliantPointerOrigin: false, moz:webdriverClick: true, pageLoadStrategy: normal, platform: WINDOWS, platformName: WINDOWS, platformVersion: 10.0, rotatable: false, setWindowRect: true, strictFileInteractability: false, timeouts: {implicit: 0, pageLoad: 300000, script: 30000}, unhandledPromptBehavior: dismiss and notify}
Session ID: 0b65b1c6-a705-4d5e-a9b7-daff4c95c848" type="org.openqa.selenium.WebDriverException">org.openqa.selenium.WebDriverException: Failed to decode response from marionette
Build info: version: &apos;3.141.59&apos;, revision: &apos;e82be7d358&apos;, time: &apos;2018-11-14T08:17:03&apos;
System info: host: &apos;DESKTOP-GS5KILN&apos;, ip: &apos;172.19.115.121&apos;, os.name: &apos;Windows 10&apos;, os.arch: &apos;amd64&apos;, os.version: &apos;10.0&apos;, java.version: &apos;1.8.0_221&apos;
Driver info: org.openqa.selenium.firefox.FirefoxDriver
Capabilities {acceptInsecureCerts: true, browserName: firefox, browserVersion: 69.0, javascriptEnabled: true, moz:accessibilityChecks: false, moz:buildID: 20190827005903, moz:geckodriverVersion: 0.25.0, moz:headless: false, moz:processID: 15328, moz:profile: C:\Users\muqad\AppData\Loca..., moz:shutdownTimeout: 60000, moz:useNonSpecCompliantPointerOrigin: false, moz:webdriverClick: true, pageLoadStrategy: normal, platform: WINDOWS, platformName: WINDOWS, platformVersion: 10.0, rotatable: false, setWindowRect: true, strictFileInteractability: false, timeouts: {implicit: 0, pageLoad: 300000, script: 30000}, unhandledPromptBehavior: dismiss and notify}
Session ID: 0b65b1c6-a705-4d5e-a9b7-daff4c95c848
	at sun.reflect.NativeConstructorAccessorImpl.newInstance0(Native Method)
	at sun.reflect.NativeConstructorAccessorImpl.newInstance(NativeConstructorAccessorImpl.java:62)
	at sun.reflect.DelegatingConstructorAccessorImpl.newInstance(DelegatingConstructorAccessorImpl.java:45)
	at java.lang.reflect.Constructor.newInstance(Constructor.java:423)
	at org.openqa.selenium.remote.http.W3CHttpResponseCodec.createException(W3CHttpResponseCodec.java:187)
	at org.openqa.selenium.remote.http.W3CHttpResponseCodec.decode(W3CHttpResponseCodec.java:122)
	at org.openqa.selenium.remote.http.W3CHttpResponseCodec.decode(W3CHttpResponseCodec.java:49)
	at org.openqa.selenium.remote.HttpCommandExecutor.execute(HttpCommandExecutor.java:158)
	at org.openqa.selenium.remote.service.DriverCommandExecutor.execute(DriverCommandExecutor.java:83)
	at org.openqa.selenium.remote.RemoteWebDriver.execute(RemoteWebDriver.java:552)
	at org.openqa.selenium.remote.RemoteWebDriver.get(RemoteWebDriver.java:277)
	at test.LoginFeature.i_fill_in_with(LoginFeature.java:36)
	at ✽.When I fill in &quot;Email&quot; with &quot;&lt;email&gt;&quot;(LoginFeature.feature:19)
</error>
    <system-out>
  Background: User nevigates to mLab login page &amp;#27;[90m# LoginFeature.feature:10&amp;#27;[0m
    &amp;#27;[32mGiven &amp;#27;[0m&amp;#27;[32mI am on login page&amp;#27;[0m                    &amp;#27;[90m# LoginFeature.i_am_on_login_page()&amp;#27;[0m
</system-out>
    <system-err>[Child 20116, Chrome_ChildThread] WARNING: pipe error: 109: file z:/task_1566864336/build/src/ipc/chromium/src/chrom[Child 2032, Ce/chrome_ChildTohread] mWARNImNG: pipon/ipc_ce error:h 109:a file z:/nnel_task_15win668.cc, lin64336/buie 341ld/src/ipc/chromi
um/src/chrome/common/ipc_channel_win.cc, line 341
[Child 2032, Chro[Child 14136, Chrome_ChildThread] WARNING: pipe error: 109: file z:/task_1566864336/build/src/ipc/chromium/src/chrome/common/ipc_channel_win.cc, line 341
[Child 141568365990176	Marionette	INFO	Stopped listening on port 55364

###!!! [Child][RunMessage] Error: Channel closing: too late to send/recv, messages will be lost

[GPU 155
###!!! [Child][MessageChannel::SendAndWait] Error: Channel error: cannot send/recv

</system-err>
  </testcase>
  <testcase classname="|  |  | Please enter your credentials. |" name="|  |  | Please enter your credentials. |" time="0.001">
    <error message="Failed to decode response from marionette
Build info: version: &apos;3.141.59&apos;, revision: &apos;e82be7d358&apos;, time: &apos;2018-11-14T08:17:03&apos;
System info: host: &apos;DESKTOP-GS5KILN&apos;, ip: &apos;172.19.115.121&apos;, os.name: &apos;Windows 10&apos;, os.arch: &apos;amd64&apos;, os.version: &apos;10.0&apos;, java.version: &apos;1.8.0_221&apos;
Driver info: org.openqa.selenium.firefox.FirefoxDriver
Capabilities {acceptInsecureCerts: true, browserName: firefox, browserVersion: 69.0, javascriptEnabled: true, moz:accessibilityChecks: false, moz:buildID: 20190827005903, moz:geckodriverVersion: 0.25.0, moz:headless: false, moz:processID: 15328, moz:profile: C:\Users\muqad\AppData\Loca..., moz:shutdownTimeout: 60000, moz:useNonSpecCompliantPointerOrigin: false, moz:webdriverClick: true, pageLoadStrategy: normal, platform: WINDOWS, platformName: WINDOWS, platformVersion: 10.0, rotatable: false, setWindowRect: true, strictFileInteractability: false, timeouts: {implicit: 0, pageLoad: 300000, script: 30000}, unhandledPromptBehavior: dismiss and notify}
Session ID: 0b65b1c6-a705-4d5e-a9b7-daff4c95c848" type="org.openqa.selenium.WebDriverException">org.openqa.selenium.WebDriverException: Failed to decode response from marionette
Build info: version: &apos;3.141.59&apos;, revision: &apos;e82be7d358&apos;, time: &apos;2018-11-14T08:17:03&apos;
System info: host: &apos;DESKTOP-GS5KILN&apos;, ip: &apos;172.19.115.121&apos;, os.name: &apos;Windows 10&apos;, os.arch: &apos;amd64&apos;, os.version: &apos;10.0&apos;, java.version: &apos;1.8.0_221&apos;
Driver info: org.openqa.selenium.firefox.FirefoxDriver
Capabilities {acceptInsecureCerts: true, browserName: firefox, browserVersion: 69.0, javascriptEnabled: true, moz:accessibilityChecks: false, moz:buildID: 20190827005903, moz:geckodriverVersion: 0.25.0, moz:headless: false, moz:processID: 15328, moz:profile: C:\Users\muqad\AppData\Loca..., moz:shutdownTimeout: 60000, moz:useNonSpecCompliantPointerOrigin: false, moz:webdriverClick: true, pageLoadStrategy: normal, platform: WINDOWS, platformName: WINDOWS, platformVersion: 10.0, rotatable: false, setWindowRect: true, strictFileInteractability: false, timeouts: {implicit: 0, pageLoad: 300000, script: 30000}, unhandledPromptBehavior: dismiss and notify}
Session ID: 0b65b1c6-a705-4d5e-a9b7-daff4c95c848
	at sun.reflect.NativeConstructorAccessorImpl.newInstance0(Native Method)
	at sun.reflect.NativeConstructorAccessorImpl.newInstance(NativeConstructorAccessorImpl.java:62)
	at sun.reflect.DelegatingConstructorAccessorImpl.newInstance(DelegatingConstructorAccessorImpl.java:45)
	at java.lang.reflect.Constructor.newInstance(Constructor.java:423)
	at org.openqa.selenium.remote.http.W3CHttpResponseCodec.createException(W3CHttpResponseCodec.java:187)
	at org.openqa.selenium.remote.http.W3CHttpResponseCodec.decode(W3CHttpResponseCodec.java:122)
	at org.openqa.selenium.remote.http.W3CHttpResponseCodec.decode(W3CHttpResponseCodec.java:49)
	at org.openqa.selenium.remote.HttpCommandExecutor.execute(HttpCommandExecutor.java:158)
	at org.openqa.selenium.remote.service.DriverCommandExecutor.execute(DriverCommandExecutor.java:83)
	at org.openqa.selenium.remote.RemoteWebDriver.execute(RemoteWebDriver.java:552)
	at org.openqa.selenium.remote.RemoteWebDriver.get(RemoteWebDriver.java:277)
	at test.LoginFeature.i_fill_in_with(LoginFeature.java:36)
	at ✽.When I fill in &quot;Email&quot; with &quot;&lt;email&gt;&quot;(LoginFeature.feature:19)
</error>
  </testcase>
  <testcase classname="|  |  | Please enter your credentials. |" name="And I fill in \&quot;Password\&quot; with \&quot;&lt;Password&gt;\&quot;" time="0.001">
    <skipped/>
  </testcase>
  <testcase classname="|  |  | Please enter your credentials. |" name="Then I should see \&quot;login.jsp\&quot; login page" time="0.001">
    <skipped/>
  </testcase>
</testsuite>